This is XeTeX, Version 3.14159265-2.6-0.99999 (MiKTeX 2.9.6730) (preloaded format=xelatex 2019.1.15)  21 JUN 2019 23:56
entering extended mode
**./OpRisk_PHD_Thesis.tex
(OpRisk_PHD_Thesis.tex
LaTeX2e <2018-04-01> patch level 5
(DissertateUSU.cls
Document Class: DissertateUSU 2017/07/01 v1.0 DissertateUSU Class
("C:\Users\User\AppData\Local\Programs\MiKTeX 2.9\tex\latex\base\book.cls"
Document Class: book 2014/09/29 v1.4h Standard LaTeX document class
("C:\Users\User\AppData\Local\Programs\MiKTeX 2.9\tex\latex\base\bk12.clo"
File: bk12.clo 2014/09/29 v1.4h Standard LaTeX file (size option)
)
\c@part=\count80
\c@chapter=\count81
\c@section=\count82
\c@subsection=\count83
\c@subsubsection=\count84
\c@paragraph=\count85
\c@subparagraph=\count86
\c@figure=\count87
\c@table=\count88
\abovecaptionskip=\skip41
\belowcaptionskip=\skip42
\bibindent=\dimen102
)
("C:\Users\User\AppData\Local\Programs\MiKTeX 2.9\tex\latex\etoolbox\etoolbox.s
ty"
Package: etoolbox 2018/02/11 v2.5e e-TeX tools for LaTeX (JAW)
\etb@tempcnta=\count89
)
("C:\Users\User\AppData\Local\Programs\MiKTeX 2.9\tex\latex\setspace\setspace.s
ty"
Package: setspace 2011/12/19 v6.7a set line spacing
) ("C:\Users\User\AppData\Local\Programs\MiKTeX 2.9\tex\latex\ms\ragged2e.sty"
Package: ragged2e 2009/05/21 v2.1 ragged2e Package (MS)
("C:\Users\User\AppData\Local\Programs\MiKTeX 2.9\tex\latex\ms\everysel.sty"
Package: everysel 2011/10/28 v1.2 EverySelectfont Package (MS)
)
\CenteringLeftskip=\skip43
\RaggedLeftLeftskip=\skip44
\RaggedRightLeftskip=\skip45
\CenteringRightskip=\skip46
\RaggedLeftRightskip=\skip47
\RaggedRightRightskip=\skip48
\CenteringParfillskip=\skip49
\RaggedLeftParfillskip=\skip50
\RaggedRightParfillskip=\skip51
\JustifyingParfillskip=\skip52
\CenteringParindent=\skip53
\RaggedLeftParindent=\skip54
\RaggedRightParindent=\skip55
\JustifyingParindent=\skip56
)
("C:\Users\User\AppData\Local\Programs\MiKTeX 2.9\tex\latex\graphics\graphicx.s
ty"
Package: graphicx 2017/06/01 v1.1a Enhanced LaTeX Graphics (DPC,SPQR)
("C:\Users\User\AppData\Local\Programs\MiKTeX 2.9\tex\latex\graphics\keyval.sty
"
Package: keyval 2014/10/28 v1.15 key=value parser (DPC)
\KV@toks@=\toks14
)
("C:\Users\User\AppData\Local\Programs\MiKTeX 2.9\tex\latex\graphics\graphics.s
ty"
Package: graphics 2017/06/25 v1.2c Standard LaTeX Graphics (DPC,SPQR)
("C:\Users\User\AppData\Local\Programs\MiKTeX 2.9\tex\latex\graphics\trig.sty"
Package: trig 2016/01/03 v1.10 sin cos tan (DPC)
)
("C:\Users\User\AppData\Local\Programs\MiKTeX 2.9\tex\latex\graphics-cfg\graphi
cs.cfg"
File: graphics.cfg 2016/06/04 v1.11 sample graphics configuration
)
Package graphics Info: Driver file: xetex.def on input line 99.

("C:\Users\User\AppData\Local\Programs\MiKTeX 2.9\tex\latex\graphics-def\xetex.
def"
File: xetex.def 2017/06/24 v5.0h Graphics/color driver for xetex
))
\Gin@req@height=\dimen103
\Gin@req@width=\dimen104
) ("C:\Users\User\AppData\Local\Programs\MiKTeX 2.9\tex\latex\base\fixltx2e.sty
"
Package: fixltx2e 2016/12/29 v2.1a fixes to LaTeX (obsolete)
Applying: [2015/01/01] Old fixltx2e package on input line 46.

Package fixltx2e Warning: fixltx2e is not required with releases after 2015
(fixltx2e)                All fixes are now in the LaTeX kernel.
(fixltx2e)                See the latexrelease package for details.

Already applied: [0000/00/00] Old fixltx2e package on input line 53.
) ("C:\Users\User\AppData\Local\Programs\MiKTeX 2.9\tex\latex\parskip\parskip.s
ty"
Package: parskip 2018-08-24 v2.0a non-zero parskip adjustments

("C:\Users\User\AppData\Local\Programs\MiKTeX 2.9\tex\latex\oberdiek\kvoptions.
sty"
Package: kvoptions 2016/05/16 v3.12 Key value format for package options (HO)

("C:\Users\User\AppData\Local\Programs\MiKTeX 2.9\tex\generic\oberdiek\ltxcmds.
sty"
Package: ltxcmds 2016/05/16 v1.23 LaTeX kernel commands for general use (HO)
)
("C:\Users\User\AppData\Local\Programs\MiKTeX 2.9\tex\generic\oberdiek\kvsetkey
s.sty"
Package: kvsetkeys 2016/05/16 v1.17 Key value parser (HO)

("C:\Users\User\AppData\Local\Programs\MiKTeX 2.9\tex\generic\oberdiek\infwarer
r.sty"
Package: infwarerr 2016/05/16 v1.4 Providing info/warning/error messages (HO)
)
("C:\Users\User\AppData\Local\Programs\MiKTeX 2.9\tex\generic\oberdiek\etexcmds
.sty"
Package: etexcmds 2016/05/16 v1.6 Avoid name clashes with e-TeX commands (HO)

("C:\Users\User\AppData\Local\Programs\MiKTeX 2.9\tex\generic\oberdiek\ifluatex
.sty"
Package: ifluatex 2016/05/16 v1.4 Provides the ifluatex switch (HO)
Package ifluatex Info: LuaTeX not detected.
)
Package etexcmds Info: Could not find \expanded.
(etexcmds)             That can mean that you are not using pdfTeX 1.50 or
(etexcmds)             that some package has redefined \expanded.
(etexcmds)             In the latter case, load this package earlier.
))))
("C:\Users\User\AppData\Local\Programs\MiKTeX 2.9\tex\latex\lettrine\lettrine.s
ty"
File: lettrine.sty 2018-08-28 v2.21 (Daniel Flipo)
("C:\Users\User\AppData\Local\Programs\MiKTeX 2.9\tex\generic\minifp\minifp.sty
"
Package: minifp 2013/12/30 v0.96. Macros for real number operations and a stack
-based programing language.
\MFP@loopctr=\count90
)
\c@DefaultLines=\count91
\c@DefaultDepth=\count92
\DefaultFindent=\dimen105
\DefaultNindent=\dimen106
\DefaultSlope=\dimen107
\DiscardVskip=\dimen108
\L@lbox=\box26
\L@tbox=\box27
\c@L@lines=\count93
\c@L@depth=\count94
\L@Pindent=\dimen109
\L@Findent=\dimen110
\L@Nindent=\dimen111
\L@lraise=\dimen112
\L@first=\dimen113
\L@next=\dimen114
\L@slope=\dimen115
\L@height=\dimen116
\L@novskip=\dimen117
\L@target@ht=\dimen118
\L@target@dp=\dimen119
\L@target@tht=\dimen120
\LettrineWidth=\dimen121
\LettrineHeight=\dimen122
\LettrineDepth=\dimen123
Loading lettrine.cfg

("C:\Users\User\AppData\Local\Programs\MiKTeX 2.9\tex\latex\lettrine\lettrine.c
fg")) ("C:\Users\User\AppData\Local\Programs\MiKTeX 2.9\tex\latex\tools\verbati
m.sty"
Package: verbatim 2014/10/28 v1.5q LaTeX2e package for verbatim enhancements
\every@verbatim=\toks15
\verbatim@line=\toks16
\verbatim@in@stream=\read1
)
("C:\Users\User\AppData\Local\Programs\MiKTeX 2.9\tex\latex\tools\indentfirst.s
ty"
Package: indentfirst 1995/11/23 v1.03 Indent first paragraph (DPC)
) ("C:\Users\User\AppData\Local\Programs\MiKTeX 2.9\tex\latex\graphics\color.st
y"
Package: color 2016/07/10 v1.1e Standard LaTeX Color (DPC)

("C:\Users\User\AppData\Local\Programs\MiKTeX 2.9\tex\latex\graphics-cfg\color.
cfg"
File: color.cfg 2016/01/02 v1.6 sample color configuration
)
Package color Info: Driver file: xetex.def on input line 147.
) ("C:\Users\User\AppData\Local\Programs\MiKTeX 2.9\tex\latex\xcolor\xcolor.sty
"
Package: xcolor 2016/05/11 v2.12 LaTeX color extensions (UK)

("C:\Users\User\AppData\Local\Programs\MiKTeX 2.9\tex\latex\graphics-cfg\color.
cfg"
File: color.cfg 2016/01/02 v1.6 sample color configuration
)
Package xcolor Info: Driver file: xetex.def on input line 225.
LaTeX Info: Redefining \color on input line 709.
Package xcolor Info: Model `cmy' substituted by `cmy0' on input line 1348.
Package xcolor Info: Model `RGB' extended on input line 1364.
Package xcolor Info: Model `HTML' substituted by `rgb' on input line 1366.
Package xcolor Info: Model `Hsb' substituted by `hsb' on input line 1367.
Package xcolor Info: Model `tHsb' substituted by `hsb' on input line 1368.
Package xcolor Info: Model `HSB' substituted by `hsb' on input line 1369.
Package xcolor Info: Model `Gray' substituted by `gray' on input line 1370.
Package xcolor Info: Model `wave' substituted by `hsb' on input line 1371.
)
("C:\Users\User\AppData\Local\Programs\MiKTeX 2.9\tex\latex\hyperref\hyperref.s
ty"
Package: hyperref 2018/02/06 v6.86b Hypertext links for LaTeX

("C:\Users\User\AppData\Local\Programs\MiKTeX 2.9\tex\generic\oberdiek\hobsub-h
yperref.sty"
Package: hobsub-hyperref 2016/05/16 v1.14 Bundle oberdiek, subset hyperref (HO)


("C:\Users\User\AppData\Local\Programs\MiKTeX 2.9\tex\generic\oberdiek\hobsub-g
eneric.sty"
Package: hobsub-generic 2016/05/16 v1.14 Bundle oberdiek, subset generic (HO)
Package: hobsub 2016/05/16 v1.14 Construct package bundles (HO)
Package hobsub Info: Skipping package `infwarerr' (already loaded).
Package hobsub Info: Skipping package `ltxcmds' (already loaded).
Package hobsub Info: Skipping package `ifluatex' (already loaded).
Package: ifvtex 2016/05/16 v1.6 Detect VTeX and its facilities (HO)
Package ifvtex Info: VTeX not detected.
Package: intcalc 2016/05/16 v1.2 Expandable calculations with integers (HO)
Package: ifpdf 2017/03/15 v3.2 Provides the ifpdf switch
Package hobsub Info: Skipping package `etexcmds' (already loaded).
Package hobsub Info: Skipping package `kvsetkeys' (already loaded).
Package: kvdefinekeys 2016/05/16 v1.4 Define keys (HO)
Package: pdftexcmds 2018/01/30 v0.27 Utility functions of pdfTeX for LuaTeX (HO
)
Package pdftexcmds Info: LuaTeX not detected.
Package pdftexcmds Info: pdfTeX >= 1.30 not detected.
Package pdftexcmds Info: \pdf@primitive is available.
Package pdftexcmds Info: \pdf@ifprimitive is available.
Package pdftexcmds Info: \pdfdraftmode not found.
Package: pdfescape 2016/05/16 v1.14 Implements pdfTeX's escape features (HO)
Package: bigintcalc 2016/05/16 v1.4 Expandable calculations on big integers (HO
)
Package: bitset 2016/05/16 v1.2 Handle bit-vector datatype (HO)
Package: uniquecounter 2016/05/16 v1.3 Provide unlimited unique counter (HO)
)
Package hobsub Info: Skipping package `hobsub' (already loaded).
Package: letltxmacro 2016/05/16 v1.5 Let assignment for LaTeX macros (HO)
Package: hopatch 2016/05/16 v1.3 Wrapper for package hooks (HO)
Package: xcolor-patch 2016/05/16 xcolor patch
Package: atveryend 2016/05/16 v1.9 Hooks at the very end of document (HO)
Package: atbegshi 2016/06/09 v1.18 At begin shipout hook (HO)
Package: refcount 2016/05/16 v3.5 Data extraction from label references (HO)
Package: hycolor 2016/05/16 v1.8 Color options for hyperref/bookmark (HO)
)
("C:\Users\User\AppData\Local\Programs\MiKTeX 2.9\tex\generic\ifxetex\ifxetex.s
ty"
Package: ifxetex 2010/09/12 v0.6 Provides ifxetex conditional
)
("C:\Users\User\AppData\Local\Programs\MiKTeX 2.9\tex\latex\oberdiek\auxhook.st
y"
Package: auxhook 2016/05/16 v1.4 Hooks for auxiliary files (HO)
)
\@linkdim=\dimen124
\Hy@linkcounter=\count95
\Hy@pagecounter=\count96
("C:\Users\User\AppData\Local\Programs\MiKTeX 2.9\tex\latex\hyperref\pd1enc.def
"
File: pd1enc.def 2018/02/06 v6.86b Hyperref: PDFDocEncoding definition (HO)
)
\Hy@SavedSpaceFactor=\count97

("C:\Users\User\AppData\Local\Programs\MiKTeX 2.9\tex\latex\00miktex\hyperref.c
fg"
File: hyperref.cfg 2002/06/06 v1.2 hyperref configuration of TeXLive
)
Package hyperref Info: Hyper figures OFF on input line 4509.
Package hyperref Info: Link nesting OFF on input line 4514.
Package hyperref Info: Hyper index ON on input line 4517.
Package hyperref Info: Plain pages OFF on input line 4524.
Package hyperref Info: Backreferencing OFF on input line 4529.
Package hyperref Info: Implicit mode ON; LaTeX internals redefined.
Package hyperref Info: Bookmarks ON on input line 4762.
\c@Hy@tempcnt=\count98
("C:\Users\User\AppData\Local\Programs\MiKTeX 2.9\tex\latex\url\url.sty"
\Urlmuskip=\muskip10
Package: url 2013/09/16  ver 3.4  Verb mode for urls, etc.
)
LaTeX Info: Redefining \url on input line 5115.
\XeTeXLinkMargin=\dimen125
\Fld@menulength=\count99
\Field@Width=\dimen126
\Fld@charsize=\dimen127
Package hyperref Info: Hyper figures OFF on input line 6369.
Package hyperref Info: Link nesting OFF on input line 6374.
Package hyperref Info: Hyper index ON on input line 6377.
Package hyperref Info: backreferencing OFF on input line 6384.
Package hyperref Info: Link coloring OFF on input line 6389.
Package hyperref Info: Link coloring with OCG OFF on input line 6394.
Package hyperref Info: PDF/A mode OFF on input line 6399.
LaTeX Info: Redefining \ref on input line 6439.
LaTeX Info: Redefining \pageref on input line 6443.
\Hy@abspage=\count100
\c@Item=\count101
\c@Hfootnote=\count102
)
Package hyperref Info: Driver (autodetected): hxetex.
("C:\Users\User\AppData\Local\Programs\MiKTeX 2.9\tex\latex\hyperref\hxetex.def
"
File: hxetex.def 2018/02/06 v6.86b Hyperref driver for XeTeX
("C:\Users\User\AppData\Local\Programs\MiKTeX 2.9\tex\latex\hyperref\puenc.def"
File: puenc.def 2018/02/06 v6.86b Hyperref: PDF Unicode definition (HO)
)
("C:\Users\User\AppData\Local\Programs\MiKTeX 2.9\tex\generic\oberdiek\stringen
c.sty"
Package: stringenc 2016/05/16 v1.11 Convert strings between diff. encodings (HO
)
)
\pdfm@box=\box28
\c@Hy@AnnotLevel=\count103
\HyField@AnnotCount=\count104
\Fld@listcount=\count105
\c@bookmark@seq@number=\count106

("C:\Users\User\AppData\Local\Programs\MiKTeX 2.9\tex\latex\oberdiek\rerunfilec
heck.sty"
Package: rerunfilecheck 2016/05/16 v1.8 Rerun checks for auxiliary files (HO)
Package uniquecounter Info: New unique counter `rerunfilecheck' on input line 2
82.
)
\Hy@SectionHShift=\skip57
)
("C:\Users\User\AppData\Local\Programs\MiKTeX 2.9\tex\latex\amsfonts\amssymb.st
y"
Package: amssymb 2013/01/14 v3.01 AMS font symbols

("C:\Users\User\AppData\Local\Programs\MiKTeX 2.9\tex\latex\amsfonts\amsfonts.s
ty"
Package: amsfonts 2013/01/14 v3.01 Basic AMSFonts support
\@emptytoks=\toks17
\symAMSa=\mathgroup4
\symAMSb=\mathgroup5
LaTeX Font Info:    Overwriting math alphabet `\mathfrak' in version `bold'
(Font)                  U/euf/m/n --> U/euf/b/n on input line 106.
))
("C:\Users\User\AppData\Local\Programs\MiKTeX 2.9\tex\xelatex\mathspec\mathspec
.sty"
Package: mathspec 2016/12/22 v0.2b LaTeX Package (Mathematics font selection fo
r XeLaTeX)
("C:\Users\User\AppData\Local\Programs\MiKTeX 2.9\tex\latex\amsmath\amstext.sty
"
Package: amstext 2000/06/29 v2.01 AMS text
("C:\Users\User\AppData\Local\Programs\MiKTeX 2.9\tex\latex\amsmath\amsgen.sty"
File: amsgen.sty 1999/11/30 v2.0 generic functions
\@emptytoks=\toks18
\ex@=\dimen128
))
("C:\Users\User\AppData\Local\Programs\MiKTeX 2.9\tex\latex\fontspec\fontspec.s
ty"
("C:\Users\User\AppData\Local\Programs\MiKTeX 2.9\tex\latex\l3packages\xparse\x
parse.sty" ("C:\Users\User\AppData\Local\Programs\MiKTeX 2.9\tex\latex\l3kernel
\expl3.sty"
Package: expl3 2019-01-01 L3 programming layer (loader) 

("C:\Users\User\AppData\Local\Programs\MiKTeX 2.9\tex\latex\l3kernel\expl3-code
.tex"
Package: expl3 2019-01-01 L3 programming layer (code)
\c_max_int=\count107
\l_tmpa_int=\count108
\l_tmpb_int=\count109
\g_tmpa_int=\count110
\g_tmpb_int=\count111
\g__kernel_prg_map_int=\count112
\c_log_iow=\count113
\l_iow_line_count_int=\count114
\l__iow_line_target_int=\count115
\l__iow_one_indent_int=\count116
\l__iow_indent_int=\count117
\c_zero_dim=\dimen129
\c_max_dim=\dimen130
\l_tmpa_dim=\dimen131
\l_tmpb_dim=\dimen132
\g_tmpa_dim=\dimen133
\g_tmpb_dim=\dimen134
\c_zero_skip=\skip58
\c_max_skip=\skip59
\l_tmpa_skip=\skip60
\l_tmpb_skip=\skip61
\g_tmpa_skip=\skip62
\g_tmpb_skip=\skip63
\c_zero_muskip=\muskip11
\c_max_muskip=\muskip12
\l_tmpa_muskip=\muskip13
\l_tmpb_muskip=\muskip14
\g_tmpa_muskip=\muskip15
\g_tmpb_muskip=\muskip16
\l_keys_choice_int=\count118
\l__intarray_loop_int=\count119
\c__intarray_sp_dim=\dimen135
\g__intarray_font_int=\count120
\c__fp_leading_shift_int=\count121
\c__fp_middle_shift_int=\count122
\c__fp_trailing_shift_int=\count123
\c__fp_big_leading_shift_int=\count124
\c__fp_big_middle_shift_int=\count125
\c__fp_big_trailing_shift_int=\count126
\c__fp_Bigg_leading_shift_int=\count127
\c__fp_Bigg_middle_shift_int=\count128
\c__fp_Bigg_trailing_shift_int=\count129
\g__fp_array_int=\count130
\l__fp_array_loop_int=\count131
\l__sort_length_int=\count132
\l__sort_min_int=\count133
\l__sort_top_int=\count134
\l__sort_max_int=\count135
\l__sort_true_max_int=\count136
\l__sort_block_int=\count137
\l__sort_begin_int=\count138
\l__sort_end_int=\count139
\l__sort_A_int=\count140
\l__sort_B_int=\count141
\l__sort_C_int=\count142
\l__tl_analysis_normal_int=\count143
\l__tl_analysis_index_int=\count144
\l__tl_analysis_nesting_int=\count145
\l__tl_analysis_type_int=\count146
\l__regex_internal_a_int=\count147
\l__regex_internal_b_int=\count148
\l__regex_internal_c_int=\count149
\l__regex_balance_int=\count150
\l__regex_group_level_int=\count151
\l__regex_mode_int=\count152
\c__regex_cs_in_class_mode_int=\count153
\c__regex_cs_mode_int=\count154
\l__regex_catcodes_int=\count155
\l__regex_default_catcodes_int=\count156
\c__regex_catcode_L_int=\count157
\c__regex_catcode_O_int=\count158
\c__regex_catcode_A_int=\count159
\c__regex_all_catcodes_int=\count160
\l__regex_show_lines_int=\count161
\l__regex_min_state_int=\count162
\l__regex_max_state_int=\count163
\l__regex_left_state_int=\count164
\l__regex_right_state_int=\count165
\l__regex_capturing_group_int=\count166
\l__regex_min_pos_int=\count167
\l__regex_max_pos_int=\count168
\l__regex_curr_pos_int=\count169
\l__regex_start_pos_int=\count170
\l__regex_success_pos_int=\count171
\l__regex_curr_char_int=\count172
\l__regex_curr_catcode_int=\count173
\l__regex_last_char_int=\count174
\l__regex_case_changed_char_int=\count175
\l__regex_curr_state_int=\count176
\l__regex_step_int=\count177
\l__regex_min_active_int=\count178
\l__regex_max_active_int=\count179
\l__regex_replacement_csnames_int=\count180
\l__regex_match_count_int=\count181
\l__regex_min_submatch_int=\count182
\l__regex_submatch_int=\count183
\l__regex_zeroth_submatch_int=\count184
\g__regex_trace_regex_int=\count185
\c_empty_box=\box29
\l_tmpa_box=\box30
\l_tmpb_box=\box31
\g_tmpa_box=\box32
\g_tmpb_box=\box33
\l__box_top_dim=\dimen136
\l__box_bottom_dim=\dimen137
\l__box_left_dim=\dimen138
\l__box_right_dim=\dimen139
\l__box_top_new_dim=\dimen140
\l__box_bottom_new_dim=\dimen141
\l__box_left_new_dim=\dimen142
\l__box_right_new_dim=\dimen143
\l__box_internal_box=\box34
\l__coffin_internal_box=\box35
\l__coffin_internal_dim=\dimen144
\l__coffin_offset_x_dim=\dimen145
\l__coffin_offset_y_dim=\dimen146
\l__coffin_x_dim=\dimen147
\l__coffin_y_dim=\dimen148
\l__coffin_x_prime_dim=\dimen149
\l__coffin_y_prime_dim=\dimen150
\c_empty_coffin=\box36
\l__coffin_aligned_coffin=\box37
\l__coffin_aligned_internal_coffin=\box38
\l_tmpa_coffin=\box39
\l_tmpb_coffin=\box40
\l__coffin_display_coffin=\box41
\l__coffin_display_coord_coffin=\box42
\l__coffin_display_pole_coffin=\box43
\l__coffin_display_offset_dim=\dimen151
\l__coffin_display_x_dim=\dimen152
\l__coffin_display_y_dim=\dimen153
\g__file_internal_ior=\read2
\l__coffin_bounding_shift_dim=\dimen154
\l__coffin_left_corner_dim=\dimen155
\l__coffin_right_corner_dim=\dimen156
\l__coffin_bottom_corner_dim=\dimen157
\l__coffin_top_corner_dim=\dimen158
\l__coffin_scaled_total_height_dim=\dimen159
\l__coffin_scaled_width_dim=\dimen160
)
("C:\Users\User\AppData\Local\Programs\MiKTeX 2.9\tex\latex\l3kernel\l3xdvipdfm
x.def"
File: l3xdvidpfmx.def 2019-01-01 v L3 Experimental driver: xdvipdfmx
\g__driver_image_int=\count186
\g__driver_pdf_object_int=\count187
))
Package: xparse 2018-10-17 L3 Experimental document command parser
\l__xparse_current_arg_int=\count188
\g__xparse_grabber_int=\count189
\l__xparse_m_args_int=\count190
\l__xparse_mandatory_args_int=\count191
\l__xparse_v_nesting_int=\count192
)
Package: fontspec 2017/11/09 v2.6g Font selection for XeLaTeX and LuaLaTeX

("C:\Users\User\AppData\Local\Programs\MiKTeX 2.9\tex\latex\fontspec\fontspec-x
etex.sty"
Package: fontspec-xetex 2017/11/09 v2.6g Font selection for XeLaTeX and LuaLaTe
X
\l__fontspec_script_int=\count193
\l__fontspec_language_int=\count194
\l__fontspec_strnum_int=\count195
\l__fontspec_tmp_int=\count196
\l__fontspec_em_int=\count197
\l__fontspec_emdef_int=\count198
\l__fontspec_strong_int=\count199
\l__fontspec_strongdef_int=\count266
\l__fontspec_tmpa_dim=\dimen161
\l__fontspec_tmpb_dim=\dimen162
\l__fontspec_tmpc_dim=\dimen163
("C:\Users\User\AppData\Local\Programs\MiKTeX 2.9\tex\latex\base\fontenc.sty"
Package: fontenc 2017/04/05 v2.0i Standard LaTeX package
("C:\Users\User\AppData\Local\Programs\MiKTeX 2.9\tex\latex\base\tuenc.def"
File: tuenc.def 2017/04/05 v2.0i Standard LaTeX file
LaTeX Font Info:    Redeclaring font encoding TU on input line 82.
))
("C:\Users\User\AppData\Local\Programs\MiKTeX 2.9\tex\latex\fontspec\fontspec.c
fg")
LaTeX Info: Redefining \itshape on input line 3891.
LaTeX Info: Redefining \slshape on input line 3896.
LaTeX Info: Redefining \scshape on input line 3901.
LaTeX Info: Redefining \upshape on input line 3906.
LaTeX Info: Redefining \em on input line 3936.
LaTeX Info: Redefining \emph on input line 3961.
LaTeX Info: Redefining \- on input line 4015.
)) ("C:\Users\User\AppData\Local\Programs\MiKTeX 2.9\tex\latex\xkeyval\xkeyval.
sty"
Package: xkeyval 2014/12/03 v2.7a package option processing (HA)

("C:\Users\User\AppData\Local\Programs\MiKTeX 2.9\tex\generic\xkeyval\xkeyval.t
ex"
("C:\Users\User\AppData\Local\Programs\MiKTeX 2.9\tex\generic\xkeyval\xkvutils.
tex"
\XKV@toks=\toks19
\XKV@tempa@toks=\toks20
)
\XKV@depth=\count267
File: xkeyval.tex 2014/12/03 v2.7a key=value parser (HA)
))
\c@eu@=\count268
\c@eu@i=\count269
\c@mkern=\count270
) ("C:\Users\User\AppData\Local\Programs\MiKTeX 2.9\tex\latex\caption\caption.s
ty"
Package: caption 2018/10/06 v3.3-154 Customizing captions (AR)

("C:\Users\User\AppData\Local\Programs\MiKTeX 2.9\tex\latex\caption\caption3.st
y"
Package: caption3 2018/09/12 v1.8c caption3 kernel (AR)
Package caption3 Info: TeX engine: e-TeX on input line 64.
\captionmargin=\dimen164
\captionmargin@=\dimen165
\captionwidth=\dimen166
\caption@tempdima=\dimen167
\caption@indent=\dimen168
\caption@parindent=\dimen169
\caption@hangindent=\dimen170
)
Package caption Info: We need package `newfloat' on input line 289.

("C:\Users\User\AppData\Local\Programs\MiKTeX 2.9\tex\latex\caption\newfloat.st
y"
Package: newfloat 2018/03/04 v1.1a Defining new floating environments (AR)
)
\c@caption@flags=\count271
\c@ContinuedFloat=\count272
Package caption Info: hyperref package is loaded.
)
("C:\Users\User\AppData\Local\Programs\MiKTeX 2.9\tex\latex\microtype\microtype
.sty"
Package: microtype 2018/01/14 v2.7a Micro-typographical refinements (RS)
\MT@toks=\toks21
\MT@count=\count273
LaTeX Info: Redefining \textls on input line 793.
\MT@outer@kern=\dimen171
LaTeX Info: Redefining \textmicrotypecontext on input line 1339.
\MT@listname@count=\count274

("C:\Users\User\AppData\Local\Programs\MiKTeX 2.9\tex\latex\microtype\microtype
-xetex.def"
File: microtype-xetex.def 2018/01/14 v2.7a Definitions specific to xetex (RS)
LaTeX Info: Redefining \lsstyle on input line 256.
)
Package microtype Info: Loading configuration file microtype.cfg.

("C:\Users\User\AppData\Local\Programs\MiKTeX 2.9\tex\latex\microtype\microtype
.cfg"
File: microtype.cfg 2018/01/14 v2.7a microtype main configuration file (RS)
))
("C:\Users\User\AppData\Local\Programs\MiKTeX 2.9\tex\latex\fancyhdr\fancyhdr.s
ty"
Package: fancyhdr 2017/06/30 v3.9a Extensive control of page headers and footer
s
\f@nch@headwidth=\skip64
\f@nch@O@elh=\skip65
\f@nch@O@erh=\skip66
\f@nch@O@olh=\skip67
\f@nch@O@orh=\skip68
\f@nch@O@elf=\skip69
\f@nch@O@erf=\skip70
\f@nch@O@olf=\skip71
\f@nch@O@orf=\skip72
)
("C:\Users\User\AppData\Local\Programs\MiKTeX 2.9\tex\latex\titlesec\titlesec.s
ty"
Package: titlesec 2016/03/21 v2.10.2 Sectioning titles
\ttl@box=\box44
\beforetitleunit=\skip73
\aftertitleunit=\skip74
\ttl@plus=\dimen172
\ttl@minus=\dimen173
\ttl@toksa=\toks22
\titlewidth=\dimen174
\titlewidthlast=\dimen175
\titlewidthfirst=\dimen176
) ("C:\Users\User\AppData\Local\Programs\MiKTeX 2.9\tex\latex\titling\titling.s
ty"
Package: titling 2009/09/04 v2.1d maketitle typesetting
\thanksmarkwidth=\skip75
\thanksmargin=\skip76
\droptitle=\skip77
) ("C:\Users\User\AppData\Local\Programs\MiKTeX 2.9\tex\latex\tocloft\tocloft.s
ty"
Package: tocloft 2017/08/31 v2.3i parameterised ToC, etc., typesetting
Package tocloft Info: The document has chapter divisions on input line 51.
\cftparskip=\skip78
\cftbeforetoctitleskip=\skip79
\cftaftertoctitleskip=\skip80
\cftbeforepartskip=\skip81
\cftpartnumwidth=\skip82
\cftpartindent=\skip83
\cftbeforechapskip=\skip84
\cftchapindent=\skip85
\cftchapnumwidth=\skip86
\cftbeforesecskip=\skip87
\cftsecindent=\skip88
\cftsecnumwidth=\skip89
\cftbeforesubsecskip=\skip90
\cftsubsecindent=\skip91
\cftsubsecnumwidth=\skip92
\cftbeforesubsubsecskip=\skip93
\cftsubsubsecindent=\skip94
\cftsubsubsecnumwidth=\skip95
\cftbeforeparaskip=\skip96
\cftparaindent=\skip97
\cftparanumwidth=\skip98
\cftbeforesubparaskip=\skip99
\cftsubparaindent=\skip100
\cftsubparanumwidth=\skip101
\cftbeforeloftitleskip=\skip102
\cftafterloftitleskip=\skip103
\cftbeforefigskip=\skip104
\cftfigindent=\skip105
\cftfignumwidth=\skip106
\c@lofdepth=\count275
\c@lotdepth=\count276
\cftbeforelottitleskip=\skip107
\cftafterlottitleskip=\skip108
\cftbeforetabskip=\skip109
\cfttabindent=\skip110
\cfttabnumwidth=\skip111

Package tocloft Warning: \@starttoc has already been redefined; tocloft bailing
 out. on input line 1147.

)
("C:\Users\User\AppData\Local\Programs\MiKTeX 2.9\tex\latex\appendix\appendix.s
ty"
Package: appendix 2009/09/02 v1.2b extra appendix facilities
\c@@pps=\count277
\c@@ppsavesec=\count278
\c@@ppsaveapp=\count279
)
("C:\Users\User\AppData\Local\Programs\MiKTeX 2.9\tex\latex\quotchap\quotchap.s
ty"
Package: quotchap 2012/10/20 v1.1 Decorative Chapter Headings with Quotes
\@quotebox=\box45
)
("C:\Users\User\AppData\Local\Programs\MiKTeX 2.9\tex\latex\blindtext\blindtext
.sty"
Package: blindtext 2012/01/06 V2.0 blindtext-Package
("C:\Users\User\AppData\Local\Programs\MiKTeX 2.9\tex\latex\tools\xspace.sty"
Package: xspace 2014/10/28 v1.13 Space after command names (DPC,MH)
)
\c@blindtext=\count280
\c@Blindtext=\count281
\c@blind@countparstart=\count282
\blind@countxx=\count283
\blindtext@numBlindtext=\count284
\blind@countyy=\count285
\c@blindlist=\count286
\c@blindlistlevel=\count287
\c@blindlist@level=\count288
\blind@listitem=\count289
\c@blind@listcount=\count290
\c@blind@levelcount=\count291
\blind@mathformula=\count292
\blind@Mathformula=\count293
\c@blind@randomcount=\count294
\c@blind@randommax=\count295
\c@blind@pangramcount=\count296
\c@blind@pangrammax=\count297
) ("C:\Users\User\AppData\Local\Programs\MiKTeX 2.9\tex\latex\tools\longtable.s
ty"
Package: longtable 2014/10/28 v4.11 Multi-page Table package (DPC)
\LTleft=\skip112
\LTright=\skip113
\LTpre=\skip114
\LTpost=\skip115
\LTchunksize=\count298
\LTcapwidth=\dimen177
\LT@head=\box46
\LT@firsthead=\box47
\LT@foot=\box48
\LT@lastfoot=\box49
\LT@cols=\count299
\LT@rows=\count300
\c@LT@tables=\count301
\c@LT@chunks=\count302
\LT@p@ftn=\toks23
)
("C:\Users\User\AppData\Local\Programs\MiKTeX 2.9\tex\latex\copyrightbox\copyri
ghtbox.sty"
("C:\Users\User\AppData\Local\Programs\MiKTeX 2.9\tex\latex\pgf\frontendlayer\t
ikz.sty"
("C:\Users\User\AppData\Local\Programs\MiKTeX 2.9\tex\latex\pgf\basiclayer\pgf.
sty"
("C:\Users\User\AppData\Local\Programs\MiKTeX 2.9\tex\latex\pgf\utilities\pgfrc
s.sty"
("C:\Users\User\AppData\Local\Programs\MiKTeX 2.9\tex\generic\pgf\utilities\pgf
util-common.tex"
\pgfutil@everybye=\toks24
\pgfutil@tempdima=\dimen178
\pgfutil@tempdimb=\dimen179

("C:\Users\User\AppData\Local\Programs\MiKTeX 2.9\tex\generic\pgf\utilities\pgf
util-common-lists.tex"))
("C:\Users\User\AppData\Local\Programs\MiKTeX 2.9\tex\generic\pgf\utilities\pgf
util-latex.def"
\pgfutil@abb=\box50
("C:\Users\User\AppData\Local\Programs\MiKTeX 2.9\tex\latex\ms\everyshi.sty"
Package: everyshi 2001/05/15 v3.00 EveryShipout Package (MS)
))
("C:\Users\User\AppData\Local\Programs\MiKTeX 2.9\tex\generic\pgf\utilities\pgf
rcs.code.tex"
Package: pgfrcs 2015/08/07 v3.0.1a (rcs-revision 1.31)
))
Package: pgf 2015/08/07 v3.0.1a (rcs-revision 1.15)

("C:\Users\User\AppData\Local\Programs\MiKTeX 2.9\tex\latex\pgf\basiclayer\pgfc
ore.sty"
("C:\Users\User\AppData\Local\Programs\MiKTeX 2.9\tex\latex\pgf\systemlayer\pgf
sys.sty"
("C:\Users\User\AppData\Local\Programs\MiKTeX 2.9\tex\generic\pgf\systemlayer\p
gfsys.code.tex"
Package: pgfsys 2014/07/09 v3.0.1a (rcs-revision 1.48)

("C:\Users\User\AppData\Local\Programs\MiKTeX 2.9\tex\generic\pgf\utilities\pgf
keys.code.tex"
\pgfkeys@pathtoks=\toks25
\pgfkeys@temptoks=\toks26

("C:\Users\User\AppData\Local\Programs\MiKTeX 2.9\tex\generic\pgf\utilities\pgf
keysfiltered.code.tex"
\pgfkeys@tmptoks=\toks27
))
\pgf@x=\dimen180
\pgf@y=\dimen181
\pgf@xa=\dimen182
\pgf@ya=\dimen183
\pgf@xb=\dimen184
\pgf@yb=\dimen185
\pgf@xc=\dimen186
\pgf@yc=\dimen187
\w@pgf@writea=\write3
\r@pgf@reada=\read3
\c@pgf@counta=\count303
\c@pgf@countb=\count304
\c@pgf@countc=\count305
\c@pgf@countd=\count306
\t@pgf@toka=\toks28
\t@pgf@tokb=\toks29
\t@pgf@tokc=\toks30

("C:\Users\User\AppData\Local\Programs\MiKTeX 2.9\tex\generic\pgf\systemlayer\p
gf.cfg"
File: pgf.cfg 2008/05/14  (rcs-revision 1.7)
)
Driver file for pgf: pgfsys-xetex.def

("C:\Users\User\AppData\Local\Programs\MiKTeX 2.9\tex\generic\pgf\systemlayer\p
gfsys-xetex.def"
File: pgfsys-xetex.def 2014/07/09  (rcs-revision 1.11)

("C:\Users\User\AppData\Local\Programs\MiKTeX 2.9\tex\generic\pgf\systemlayer\p
gfsys-dvipdfmx.def"
File: pgfsys-dvipdfmx.def 2014/07/09  (rcs-revision 1.14)

("C:\Users\User\AppData\Local\Programs\MiKTeX 2.9\tex\generic\pgf\systemlayer\p
gfsys-common-pdf.def"
File: pgfsys-common-pdf.def 2013/10/10  (rcs-revision 1.13)
)
\pgfsys@objnum=\count307
)))
("C:\Users\User\AppData\Local\Programs\MiKTeX 2.9\tex\generic\pgf\systemlayer\p
gfsyssoftpath.code.tex"
File: pgfsyssoftpath.code.tex 2013/09/09  (rcs-revision 1.9)
\pgfsyssoftpath@smallbuffer@items=\count308
\pgfsyssoftpath@bigbuffer@items=\count309
)
("C:\Users\User\AppData\Local\Programs\MiKTeX 2.9\tex\generic\pgf\systemlayer\p
gfsysprotocol.code.tex"
File: pgfsysprotocol.code.tex 2006/10/16  (rcs-revision 1.4)
))
("C:\Users\User\AppData\Local\Programs\MiKTeX 2.9\tex\generic\pgf\basiclayer\pg
fcore.code.tex"
Package: pgfcore 2010/04/11 v3.0.1a (rcs-revision 1.7)

("C:\Users\User\AppData\Local\Programs\MiKTeX 2.9\tex\generic\pgf\math\pgfmath.
code.tex"
("C:\Users\User\AppData\Local\Programs\MiKTeX 2.9\tex\generic\pgf\math\pgfmathc
alc.code.tex"
("C:\Users\User\AppData\Local\Programs\MiKTeX 2.9\tex\generic\pgf\math\pgfmathu
til.code.tex")
("C:\Users\User\AppData\Local\Programs\MiKTeX 2.9\tex\generic\pgf\math\pgfmathp
arser.code.tex"
\pgfmath@dimen=\dimen188
\pgfmath@count=\count310
\pgfmath@box=\box51
\pgfmath@toks=\toks31
\pgfmath@stack@operand=\toks32
\pgfmath@stack@operation=\toks33
)
("C:\Users\User\AppData\Local\Programs\MiKTeX 2.9\tex\generic\pgf\math\pgfmathf
unctions.code.tex"
("C:\Users\User\AppData\Local\Programs\MiKTeX 2.9\tex\generic\pgf\math\pgfmathf
unctions.basic.code.tex")
("C:\Users\User\AppData\Local\Programs\MiKTeX 2.9\tex\generic\pgf\math\pgfmathf
unctions.trigonometric.code.tex")
("C:\Users\User\AppData\Local\Programs\MiKTeX 2.9\tex\generic\pgf\math\pgfmathf
unctions.random.code.tex")
("C:\Users\User\AppData\Local\Programs\MiKTeX 2.9\tex\generic\pgf\math\pgfmathf
unctions.comparison.code.tex")
("C:\Users\User\AppData\Local\Programs\MiKTeX 2.9\tex\generic\pgf\math\pgfmathf
unctions.base.code.tex")
("C:\Users\User\AppData\Local\Programs\MiKTeX 2.9\tex\generic\pgf\math\pgfmathf
unctions.round.code.tex")
("C:\Users\User\AppData\Local\Programs\MiKTeX 2.9\tex\generic\pgf\math\pgfmathf
unctions.misc.code.tex")
("C:\Users\User\AppData\Local\Programs\MiKTeX 2.9\tex\generic\pgf\math\pgfmathf
unctions.integerarithmetics.code.tex")))
("C:\Users\User\AppData\Local\Programs\MiKTeX 2.9\tex\generic\pgf\math\pgfmathf
loat.code.tex"
\c@pgfmathroundto@lastzeros=\count311
))
("C:\Users\User\AppData\Local\Programs\MiKTeX 2.9\tex\generic\pgf\basiclayer\pg
fcorepoints.code.tex"
File: pgfcorepoints.code.tex 2013/10/07  (rcs-revision 1.27)
\pgf@picminx=\dimen189
\pgf@picmaxx=\dimen190
\pgf@picminy=\dimen191
\pgf@picmaxy=\dimen192
\pgf@pathminx=\dimen193
\pgf@pathmaxx=\dimen194
\pgf@pathminy=\dimen195
\pgf@pathmaxy=\dimen196
\pgf@xx=\dimen197
\pgf@xy=\dimen198
\pgf@yx=\dimen199
\pgf@yy=\dimen256
\pgf@zx=\dimen257
\pgf@zy=\dimen258
)
("C:\Users\User\AppData\Local\Programs\MiKTeX 2.9\tex\generic\pgf\basiclayer\pg
fcorepathconstruct.code.tex"
File: pgfcorepathconstruct.code.tex 2013/10/07  (rcs-revision 1.29)
\pgf@path@lastx=\dimen259
\pgf@path@lasty=\dimen260
)
("C:\Users\User\AppData\Local\Programs\MiKTeX 2.9\tex\generic\pgf\basiclayer\pg
fcorepathusage.code.tex"
File: pgfcorepathusage.code.tex 2014/11/02  (rcs-revision 1.24)
\pgf@shorten@end@additional=\dimen261
\pgf@shorten@start@additional=\dimen262
)
("C:\Users\User\AppData\Local\Programs\MiKTeX 2.9\tex\generic\pgf\basiclayer\pg
fcorescopes.code.tex"
File: pgfcorescopes.code.tex 2015/05/08  (rcs-revision 1.46)
\pgfpic=\box52
\pgf@hbox=\box53
\pgf@layerbox@main=\box54
\pgf@picture@serial@count=\count312
)
("C:\Users\User\AppData\Local\Programs\MiKTeX 2.9\tex\generic\pgf\basiclayer\pg
fcoregraphicstate.code.tex"
File: pgfcoregraphicstate.code.tex 2014/11/02  (rcs-revision 1.12)
\pgflinewidth=\dimen263
)
("C:\Users\User\AppData\Local\Programs\MiKTeX 2.9\tex\generic\pgf\basiclayer\pg
fcoretransformations.code.tex"
File: pgfcoretransformations.code.tex 2015/08/07  (rcs-revision 1.20)
\pgf@pt@x=\dimen264
\pgf@pt@y=\dimen265
\pgf@pt@temp=\dimen266
)
("C:\Users\User\AppData\Local\Programs\MiKTeX 2.9\tex\generic\pgf\basiclayer\pg
fcorequick.code.tex"
File: pgfcorequick.code.tex 2008/10/09  (rcs-revision 1.3)
)
("C:\Users\User\AppData\Local\Programs\MiKTeX 2.9\tex\generic\pgf\basiclayer\pg
fcoreobjects.code.tex"
File: pgfcoreobjects.code.tex 2006/10/11  (rcs-revision 1.2)
)
("C:\Users\User\AppData\Local\Programs\MiKTeX 2.9\tex\generic\pgf\basiclayer\pg
fcorepathprocessing.code.tex"
File: pgfcorepathprocessing.code.tex 2013/09/09  (rcs-revision 1.9)
)
("C:\Users\User\AppData\Local\Programs\MiKTeX 2.9\tex\generic\pgf\basiclayer\pg
fcorearrows.code.tex"
File: pgfcorearrows.code.tex 2015/05/14  (rcs-revision 1.43)
\pgfarrowsep=\dimen267
)
("C:\Users\User\AppData\Local\Programs\MiKTeX 2.9\tex\generic\pgf\basiclayer\pg
fcoreshade.code.tex"
File: pgfcoreshade.code.tex 2013/07/15  (rcs-revision 1.15)
\pgf@max=\dimen268
\pgf@sys@shading@range@num=\count313
)
("C:\Users\User\AppData\Local\Programs\MiKTeX 2.9\tex\generic\pgf\basiclayer\pg
fcoreimage.code.tex"
File: pgfcoreimage.code.tex 2013/07/15  (rcs-revision 1.18)

("C:\Users\User\AppData\Local\Programs\MiKTeX 2.9\tex\generic\pgf\basiclayer\pg
fcoreexternal.code.tex"
File: pgfcoreexternal.code.tex 2014/07/09  (rcs-revision 1.21)
\pgfexternal@startupbox=\box55
))
("C:\Users\User\AppData\Local\Programs\MiKTeX 2.9\tex\generic\pgf\basiclayer\pg
fcorelayers.code.tex"
File: pgfcorelayers.code.tex 2013/07/18  (rcs-revision 1.7)
)
("C:\Users\User\AppData\Local\Programs\MiKTeX 2.9\tex\generic\pgf\basiclayer\pg
fcoretransparency.code.tex"
File: pgfcoretransparency.code.tex 2013/09/30  (rcs-revision 1.5)
)
("C:\Users\User\AppData\Local\Programs\MiKTeX 2.9\tex\generic\pgf\basiclayer\pg
fcorepatterns.code.tex"
File: pgfcorepatterns.code.tex 2013/11/07  (rcs-revision 1.5)
)))
("C:\Users\User\AppData\Local\Programs\MiKTeX 2.9\tex\generic\pgf\modules\pgfmo
duleshapes.code.tex"
File: pgfmoduleshapes.code.tex 2014/03/21  (rcs-revision 1.35)
\pgfnodeparttextbox=\box56
)
("C:\Users\User\AppData\Local\Programs\MiKTeX 2.9\tex\generic\pgf\modules\pgfmo
duleplot.code.tex"
File: pgfmoduleplot.code.tex 2015/08/03  (rcs-revision 1.13)
)
("C:\Users\User\AppData\Local\Programs\MiKTeX 2.9\tex\latex\pgf\compatibility\p
gfcomp-version-0-65.sty"
Package: pgfcomp-version-0-65 2007/07/03 v3.0.1a (rcs-revision 1.7)
\pgf@nodesepstart=\dimen269
\pgf@nodesepend=\dimen270
)
("C:\Users\User\AppData\Local\Programs\MiKTeX 2.9\tex\latex\pgf\compatibility\p
gfcomp-version-1-18.sty"
Package: pgfcomp-version-1-18 2007/07/23 v3.0.1a (rcs-revision 1.1)
))
("C:\Users\User\AppData\Local\Programs\MiKTeX 2.9\tex\latex\pgf\utilities\pgffo
r.sty"
("C:\Users\User\AppData\Local\Programs\MiKTeX 2.9\tex\latex\pgf\utilities\pgfke
ys.sty"
("C:\Users\User\AppData\Local\Programs\MiKTeX 2.9\tex\generic\pgf\utilities\pgf
keys.code.tex"))
("C:\Users\User\AppData\Local\Programs\MiKTeX 2.9\tex\latex\pgf\math\pgfmath.st
y"
("C:\Users\User\AppData\Local\Programs\MiKTeX 2.9\tex\generic\pgf\math\pgfmath.
code.tex"))
("C:\Users\User\AppData\Local\Programs\MiKTeX 2.9\tex\generic\pgf\utilities\pgf
for.code.tex"
Package: pgffor 2013/12/13 v3.0.1a (rcs-revision 1.25)

("C:\Users\User\AppData\Local\Programs\MiKTeX 2.9\tex\generic\pgf\math\pgfmath.
code.tex")
\pgffor@iter=\dimen271
\pgffor@skip=\dimen272
\pgffor@stack=\toks34
\pgffor@toks=\toks35
))
("C:\Users\User\AppData\Local\Programs\MiKTeX 2.9\tex\generic\pgf\frontendlayer
\tikz\tikz.code.tex"
Package: tikz 2015/08/07 v3.0.1a (rcs-revision 1.151)

("C:\Users\User\AppData\Local\Programs\MiKTeX 2.9\tex\generic\pgf\libraries\pgf
libraryplothandlers.code.tex"
File: pgflibraryplothandlers.code.tex 2013/08/31 v3.0.1a (rcs-revision 1.20)
\pgf@plot@mark@count=\count314
\pgfplotmarksize=\dimen273
)
\tikz@lastx=\dimen274
\tikz@lasty=\dimen275
\tikz@lastxsaved=\dimen276
\tikz@lastysaved=\dimen277
\tikzleveldistance=\dimen278
\tikzsiblingdistance=\dimen279
\tikz@figbox=\box57
\tikz@figbox@bg=\box58
\tikz@tempbox=\box59
\tikz@tempbox@bg=\box60
\tikztreelevel=\count315
\tikznumberofchildren=\count316
\tikznumberofcurrentchild=\count317
\tikz@fig@count=\count318

("C:\Users\User\AppData\Local\Programs\MiKTeX 2.9\tex\generic\pgf\modules\pgfmo
dulematrix.code.tex"
File: pgfmodulematrix.code.tex 2013/09/17  (rcs-revision 1.8)
\pgfmatrixcurrentrow=\count319
\pgfmatrixcurrentcolumn=\count320
\pgf@matrix@numberofcolumns=\count321
)
\tikz@expandcount=\count322

("C:\Users\User\AppData\Local\Programs\MiKTeX 2.9\tex\generic\pgf\frontendlayer
\tikz\libraries\tikzlibrarytopaths.code.tex"
File: tikzlibrarytopaths.code.tex 2008/06/17 v3.0.1a (rcs-revision 1.2)
))) ("C:\Users\User\AppData\Local\Programs\MiKTeX 2.9\tex\latex\base\ifthen.sty
"
Package: ifthen 2014/09/29 v1.1c Standard LaTeX ifthen package (DPC)
)
("C:\Users\User\AppData\Local\Programs\MiKTeX 2.9\tex\generic\pgf\frontendlayer
\tikz\libraries\tikzlibrarypositioning.code.tex"
File: tikzlibrarypositioning.code.tex 2008/10/06 v3.0.1a (rcs-revision 1.7)
)
\tu@tmpa=\dimen280
\CRB@ydiffl=\dimen281
\CRB@xdiffl=\dimen282
Package: copyrightbox 2011/11/27  v 0.1
)
("C:\Users\User\AppData\Local\Programs\MiKTeX 2.9\tex\generic\pgf\frontendlayer
\tikz\libraries\tikzlibraryarrows.code.tex"
File: tikzlibraryarrows.code.tex 2008/01/09 v3.0.1a (rcs-revision 1.1)

("C:\Users\User\AppData\Local\Programs\MiKTeX 2.9\tex\generic\pgf\libraries\pgf
libraryarrows.code.tex"
File: pgflibraryarrows.code.tex 2013/09/23 v3.0.1a (rcs-revision 1.16)
\arrowsize=\dimen283
))
("C:\Users\User\AppData\Local\Programs\MiKTeX 2.9\tex\latex\pgfplots\pgfplots.s
ty"
("C:\Users\User\AppData\Local\Programs\MiKTeX 2.9\tex\generic\pgfplots\pgfplots
.revision.tex")
Package: pgfplots 2018/03/28 v1.16 Data Visualization (1.16)

("C:\Users\User\AppData\Local\Programs\MiKTeX 2.9\tex\generic\pgfplots\pgfplots
.code.tex"
("C:\Users\User\AppData\Local\Programs\MiKTeX 2.9\tex\generic\pgfplots\pgfplots
core.code.tex"
\t@pgfplots@toka=\toks36
\t@pgfplots@tokb=\toks37
\t@pgfplots@tokc=\toks38
\pgfplots@tmpa=\dimen284
\c@pgfplots@coordindex=\count323
\c@pgfplots@scanlineindex=\count324

("C:\Users\User\AppData\Local\Programs\MiKTeX 2.9\tex\generic\pgfplots\sys\pgfp
lotssysgeneric.code.tex"))
("C:\Users\User\AppData\Local\Programs\MiKTeX 2.9\tex\generic\pgfplots\libs\pgf
plotslibrary.code.tex")
("C:\Users\User\AppData\Local\Programs\MiKTeX 2.9\tex\generic\pgfplots\oldpgfco
mpatib\pgfplotsoldpgfsupp_loader.code.tex"
("C:\Users\User\AppData\Local\Programs\MiKTeX 2.9\tex\generic\pgf\libraries\pgf
libraryfpu.code.tex")
Package pgfplots: loading complementary arithmetics for your pgf version...

("C:\Users\User\AppData\Local\Programs\MiKTeX 2.9\tex\generic\pgfplots\oldpgfco
mpatib\pgfplotsoldpgfsupp_pgflibraryfpu.code.tex")
("C:\Users\User\AppData\Local\Programs\MiKTeX 2.9\tex\generic\pgfplots\oldpgfco
mpatib\pgfplotsoldpgfsupp_pgfmathfloat.code.tex"
\c@pgfmathroundto@lastzeros=\count325
)
("C:\Users\User\AppData\Local\Programs\MiKTeX 2.9\tex\generic\pgfplots\oldpgfco
mpatib\pgfplotsoldpgfsupp_leq.code.tex"))
("C:\Users\User\AppData\Local\Programs\MiKTeX 2.9\tex\generic\pgfplots\util\pgf
plotsutil.code.tex"
("C:\Users\User\AppData\Local\Programs\MiKTeX 2.9\tex\generic\pgfplots\liststru
cture\pgfplotsliststructure.code.tex")
("C:\Users\User\AppData\Local\Programs\MiKTeX 2.9\tex\generic\pgfplots\liststru
cture\pgfplotsliststructureext.code.tex")
("C:\Users\User\AppData\Local\Programs\MiKTeX 2.9\tex\generic\pgfplots\liststru
cture\pgfplotsarray.code.tex"
\c@pgfplotsarray@tmp=\count326
)
("C:\Users\User\AppData\Local\Programs\MiKTeX 2.9\tex\generic\pgfplots\liststru
cture\pgfplotsmatrix.code.tex")
("C:\Users\User\AppData\Local\Programs\MiKTeX 2.9\tex\generic\pgfplots\numtable
\pgfplotstableshared.code.tex"
\c@pgfplotstable@counta=\count327
\t@pgfplotstable@a=\toks39
)
("C:\Users\User\AppData\Local\Programs\MiKTeX 2.9\tex\generic\pgfplots\liststru
cture\pgfplotsdeque.code.tex")
("C:\Users\User\AppData\Local\Programs\MiKTeX 2.9\tex\generic\pgfplots\util\pgf
plotsbinary.code.tex"
("C:\Users\User\AppData\Local\Programs\MiKTeX 2.9\tex\generic\pgfplots\util\pgf
plotsbinary.data.code.tex"))
("C:\Users\User\AppData\Local\Programs\MiKTeX 2.9\tex\generic\pgfplots\util\pgf
plotsutil.verb.code.tex")
("C:\Users\User\AppData\Local\Programs\MiKTeX 2.9\tex\generic\pgfplots\libs\pgf
librarypgfplots.surfshading.code.tex"
\c@pgfplotslibrarysurf@no=\count328

("C:\Users\User\AppData\Local\Programs\MiKTeX 2.9\tex\generic\pgfplots\sys\pgfl
ibrarypgfplots.surfshading.pgfsys-xetex.def"
("C:\Users\User\AppData\Local\Programs\MiKTeX 2.9\tex\generic\pgfplots\sys\pgfl
ibrarypgfplots.surfshading.pgfsys-dvipdfmx.def"
\c@pgfplotslibrarysurf@streamlen=\count329
))))
("C:\Users\User\AppData\Local\Programs\MiKTeX 2.9\tex\generic\pgfplots\util\pgf
plotscolormap.code.tex"
("C:\Users\User\AppData\Local\Programs\MiKTeX 2.9\tex\generic\pgfplots\util\pgf
plotscolor.code.tex"))
("C:\Users\User\AppData\Local\Programs\MiKTeX 2.9\tex\generic\pgfplots\pgfplots
stackedplots.code.tex")
("C:\Users\User\AppData\Local\Programs\MiKTeX 2.9\tex\generic\pgfplots\pgfplots
plothandlers.code.tex"
("C:\Users\User\AppData\Local\Programs\MiKTeX 2.9\tex\generic\pgfplots\pgfplots
meshplothandler.code.tex"
("C:\Users\User\AppData\Local\Programs\MiKTeX 2.9\tex\generic\pgfplots\pgfplots
meshplotimage.code.tex")))
("C:\Users\User\AppData\Local\Programs\MiKTeX 2.9\tex\generic\pgfplots\pgfplots
.scaling.code.tex")
("C:\Users\User\AppData\Local\Programs\MiKTeX 2.9\tex\generic\pgfplots\pgfplots
coordprocessing.code.tex")
("C:\Users\User\AppData\Local\Programs\MiKTeX 2.9\tex\generic\pgfplots\pgfplots
.errorbars.code.tex")
("C:\Users\User\AppData\Local\Programs\MiKTeX 2.9\tex\generic\pgfplots\pgfplots
.markers.code.tex")
("C:\Users\User\AppData\Local\Programs\MiKTeX 2.9\tex\generic\pgfplots\pgfplots
ticks.code.tex")
("C:\Users\User\AppData\Local\Programs\MiKTeX 2.9\tex\generic\pgfplots\pgfplots
.paths.code.tex")
("C:\Users\User\AppData\Local\Programs\MiKTeX 2.9\tex\generic\pgf\frontendlayer
\tikz\libraries\tikzlibrarydecorations.code.tex"
("C:\Users\User\AppData\Local\Programs\MiKTeX 2.9\tex\generic\pgf\modules\pgfmo
duledecorations.code.tex"
\pgfdecoratedcompleteddistance=\dimen285
\pgfdecoratedremainingdistance=\dimen286
\pgfdecoratedinputsegmentcompleteddistance=\dimen287
\pgfdecoratedinputsegmentremainingdistance=\dimen288
\pgf@decorate@distancetomove=\dimen289
\pgf@decorate@repeatstate=\count330
\pgfdecorationsegmentamplitude=\dimen290
\pgfdecorationsegmentlength=\dimen291
)
\tikz@lib@dec@box=\box61
)
("C:\Users\User\AppData\Local\Programs\MiKTeX 2.9\tex\generic\pgf\frontendlayer
\tikz\libraries\tikzlibrarydecorations.pathmorphing.code.tex"
("C:\Users\User\AppData\Local\Programs\MiKTeX 2.9\tex\generic\pgf\libraries\dec
orations\pgflibrarydecorations.pathmorphing.code.tex"))
("C:\Users\User\AppData\Local\Programs\MiKTeX 2.9\tex\generic\pgf\frontendlayer
\tikz\libraries\tikzlibrarydecorations.pathreplacing.code.tex"
("C:\Users\User\AppData\Local\Programs\MiKTeX 2.9\tex\generic\pgf\libraries\dec
orations\pgflibrarydecorations.pathreplacing.code.tex"))
\pgfplots@numplots=\count331
\pgfplots@xmin@reg=\dimen292
\pgfplots@xmax@reg=\dimen293
\pgfplots@ymin@reg=\dimen294
\pgfplots@ymax@reg=\dimen295
\pgfplots@zmin@reg=\dimen296
\pgfplots@zmax@reg=\dimen297
)
("C:\Users\User\AppData\Local\Programs\MiKTeX 2.9\tex\generic\pgf\frontendlayer
\tikz\libraries\tikzlibraryplotmarks.code.tex"
File: tikzlibraryplotmarks.code.tex 2008/01/09 v3.0.1a (rcs-revision 1.1)

("C:\Users\User\AppData\Local\Programs\MiKTeX 2.9\tex\generic\pgf\libraries\pgf
libraryplotmarks.code.tex"
File: pgflibraryplotmarks.code.tex 2015/08/03 v3.0.1a (rcs-revision 1.14)
)))
("C:\Users\User\AppData\Local\Programs\MiKTeX 2.9\tex\latex\graphics\rotating.s
ty"
Package: rotating 2016/08/11 v2.16d rotated objects in LaTeX
\c@r@tfl@t=\count332
\rotFPtop=\skip116
\rotFPbot=\skip117
\rot@float@box=\box62
\rot@mess@toks=\toks40
)
("C:\Users\User\AppData\Local\Programs\MiKTeX 2.9\tex\latex\multirow\multirow.s
ty"
Package: multirow 2016/11/25 v2.2 Span multiple rows of a table
\multirow@colwidth=\skip118
\multirow@cntb=\count333
\multirow@dima=\skip119
\bigstrutjot=\dimen298
)
("C:\Users\User\AppData\Local\Programs\MiKTeX 2.9\tex\latex\booktabs\booktabs.s
ty"
Package: booktabs 2005/04/14 v1.61803 publication quality tables
\heavyrulewidth=\dimen299
\lightrulewidth=\dimen300
\cmidrulewidth=\dimen301
\belowrulesep=\dimen302
\belowbottomsep=\dimen303
\aboverulesep=\dimen304
\abovetopsep=\dimen305
\cmidrulesep=\dimen306
\cmidrulekern=\dimen307
\defaultaddspace=\dimen308
\@cmidla=\count334
\@cmidlb=\count335
\@aboverulesep=\dimen309
\@belowrulesep=\dimen310
\@thisruleclass=\count336
\@lastruleclass=\count337
\@thisrulewidth=\dimen311
)
("C:\Users\User\AppData\Local\Programs\MiKTeX 2.9\tex\latex\threeparttable\thre
eparttable.sty"
Package: threeparttable 2003/06/13  v 3.0
\@tempboxb=\box63
) ("C:\Users\User\AppData\Local\Programs\MiKTeX 2.9\tex\latex\tools\array.sty"
Package: array 2018/04/30 v2.4h Tabular extension package (FMi)
\col@sep=\dimen312
\ar@mcellbox=\box64
\extrarowheight=\dimen313
\NC@list=\toks41
\extratabsurround=\skip120
\backup@length=\skip121
\ar@cellbox=\box65
)
\c@definition=\count338
\c@theorem=\count339
)
("C:\Users\User\AppData\Local\Programs\MiKTeX 2.9\tex\latex\caption\subcaption.
sty"
Package: subcaption 2018/05/01 v1.1-162 Sub-captions (AR)
\c@subfigure=\count340
\c@subtable=\count341
)
("C:\Users\User\AppData\Local\Programs\MiKTeX 2.9\tex\latex\geometry\geometry.s
ty"
Package: geometry 2018/04/16 v5.8 Page Geometry
\Gm@cnth=\count342
\Gm@cntv=\count343
\c@Gm@tempcnt=\count344
\Gm@bindingoffset=\dimen314
\Gm@wd@mp=\dimen315
\Gm@odd@mp=\dimen316
\Gm@even@mp=\dimen317
\Gm@layoutwidth=\dimen318
\Gm@layoutheight=\dimen319
\Gm@layouthoffset=\dimen320
\Gm@layoutvoffset=\dimen321
\Gm@dimlist=\toks42

("C:\Users\User\AppData\Local\Programs\MiKTeX 2.9\tex\xelatex\xetexconfig\geome
try.cfg"))
("C:\Users\User\AppData\Local\Programs\MiKTeX 2.9\tex\latex\endnotes\endnotes.s
ty"
\c@endnote=\count345
\endnotesep=\dimen322
\@enotes=\write4
) ("C:\Users\User\AppData\Local\Programs\MiKTeX 2.9\tex\latex\tools\dcolumn.sty
"
Package: dcolumn 2014/10/28 v1.06 decimal alignment package (DPC)
) ("C:\Users\User\AppData\Local\Programs\MiKTeX 2.9\tex\latex\tools\bm.sty"
Package: bm 2017/01/16 v1.2c Bold Symbol Support (DPC/FMi)
\symboldoperators=\mathgroup6
\symboldletters=\mathgroup7
\symboldsymbols=\mathgroup8
LaTeX Font Info:    Redeclaring math alphabet \mathbf on input line 141.
LaTeX Info: Redefining \bm on input line 207.
) ("C:\Users\User\AppData\Local\Programs\MiKTeX 2.9\tex\latex\amsmath\amsmath.s
ty"
Package: amsmath 2017/09/02 v2.17a AMS math features
\@mathmargin=\skip122
For additional information on amsmath, use the `?' option.
("C:\Users\User\AppData\Local\Programs\MiKTeX 2.9\tex\latex\amsmath\amsbsy.sty"
Package: amsbsy 1999/11/29 v1.2d Bold Symbols
LaTeX Info: Redefining \boldsymbol on input line 28.
\pmbraise@=\dimen323
) ("C:\Users\User\AppData\Local\Programs\MiKTeX 2.9\tex\latex\amsmath\amsopn.st
y"
Package: amsopn 2016/03/08 v2.02 operator names
)
\inf@bad=\count346
LaTeX Info: Redefining \frac on input line 213.
\uproot@=\count347
\leftroot@=\count348
LaTeX Font Info:    Redeclaring math symbol \varTheta on input line 373.
LaTeX Info: Redefining \overline on input line 375.
\classnum@=\count349
\DOTSCASE@=\count350
LaTeX Info: Redefining \ldots on input line 472.
LaTeX Info: Redefining \dots on input line 475.
LaTeX Info: Redefining \cdots on input line 596.
\Mathstrutbox@=\box66
\strutbox@=\box67
\big@size=\dimen324
LaTeX Font Info:    Redeclaring font encoding OML on input line 712.
LaTeX Font Info:    Redeclaring font encoding OMS on input line 713.
\macc@depth=\count351
\c@MaxMatrixCols=\count352
\dotsspace@=\muskip17
\c@parentequation=\count353
\dspbrk@lvl=\count354
\tag@help=\toks43
\row@=\count355
\column@=\count356
\maxfields@=\count357
\andhelp@=\toks44
\eqnshift@=\dimen325
\alignsep@=\dimen326
\tagshift@=\dimen327
\tagwidth@=\dimen328
\totwidth@=\dimen329
\lineht@=\dimen330
\@envbody=\toks45
\multlinegap=\skip123
\multlinetaggap=\skip124
\mathdisplay@stack=\toks46
LaTeX Info: Redefining \[ on input line 2817.
LaTeX Info: Redefining \] on input line 2818.
) ("C:\Users\User\AppData\Local\Programs\MiKTeX 2.9\tex\latex\base\latexsym.sty
"
Package: latexsym 1998/08/17 v2.2e Standard LaTeX package (lasy symbols)
\symlasy=\mathgroup9
LaTeX Font Info:    Overwriting symbol font `lasy' in version `bold'
(Font)                  U/lasy/m/n --> U/lasy/b/n on input line 52.
) ("C:\Users\User\AppData\Local\Programs\MiKTeX 2.9\tex\latex\lineno\lineno.sty
"
Package: lineno 2005/11/02 line numbers on paragraphs v4.41
Invalid UTF-8 byte or sequence at line 296 replaced by U+FFFD.
\linenopenalty=\count358
\output=\toks47
\linenoprevgraf=\count359
\linenumbersep=\dimen331
\linenumberwidth=\dimen332
\c@linenumber=\count360
\c@pagewiselinenumber=\count361
\c@LN@truepage=\count362
\c@internallinenumber=\count363
\c@internallinenumbers=\count364
\quotelinenumbersep=\dimen333
\bframerule=\dimen334
\bframesep=\dimen335
\bframebox=\box68
LaTeX Info: Redefining \\ on input line 3056.
) ("C:\Users\User\AppData\Local\Programs\MiKTeX 2.9\tex\latex\ulem\ulem.sty"
\UL@box=\box69
\UL@hyphenbox=\box70
\UL@skip=\skip125
\UL@hook=\toks48
\UL@height=\dimen336
\UL@pe=\count365
\UL@pixel=\dimen337
\ULC@box=\box71
Package: ulem 2012/05/18
\ULdepth=\dimen338
)
("C:\Users\User\AppData\Local\Programs\MiKTeX 2.9\tex\latex\fancyvrb\fancyvrb.s
ty"
Package: fancyvrb 2018/11/20
Style option: `fancyvrb' v3.1a <2018/11/20> (tvz)
\FV@CodeLineNo=\count366
\FV@InFile=\read4
\FV@TabBox=\box72
\c@FancyVerbLine=\count367
\FV@StepNumber=\count368
\FV@OutFile=\write5
) ("C:\Users\User\AppData\Local\Programs\MiKTeX 2.9\tex\latex\framed\framed.sty
"
Package: framed 2011/10/22 v 0.96: framed or shaded text with page breaks
\OuterFrameSep=\skip126
\fb@frw=\dimen339
\fb@frh=\dimen340
\FrameRule=\dimen341
\FrameSep=\dimen342
)

Package array Warning: Column x is already defined on input line 73.


("C:\Users\User\AppData\Local\Programs\MiKTeX 2.9\tex\latex\placeins\placeins.s
ty"
Package: placeins 2005/04/18  v 2.2
) ("C:\Users\User\AppData\Local\Programs\MiKTeX 2.9\tex\latex\cancel\cancel.sty
"
Package: cancel 2013/04/12 v2.2 Cancel math terms
) ("C:\Users\User\AppData\Local\Programs\MiKTeX 2.9\tex\latex\lipsum\lipsum.sty
"
Package: lipsum 2019/01/02 v2.2 150 paragraphs of Lorem Ipsum dummy text

("C:\Users\User\AppData\Local\Programs\MiKTeX 2.9\tex\latex\lipsum\lipsum.ltd.t
ex"
File: lipsum.ltd.tex 2019/01/02 v2.2 The Lorem ipsum dummy text
)) ("C:\Users\User\AppData\Local\Programs\MiKTeX 2.9\tex\latex\natbib\natbib.st
y"
Package: natbib 2010/09/13 8.31b (PWD, AO)
\bibhang=\skip127
\bibsep=\skip128
LaTeX Info: Redefining \cite on input line 694.
\c@NAT@ctr=\count369
) (OpRisk_PHD_Thesis.aux

LaTeX Warning: Label `Desk_Proportions' multiply defined.


LaTeX Warning: Label `eqn4' multiply defined.


LaTeX Warning: Label `eqn3' multiply defined.

)
\openout1 = `OpRisk_PHD_Thesis.aux'.

LaTeX Font Info:    Checking defaults for OML/cmm/m/it on input line 164.
LaTeX Font Info:    ... okay on input line 164.
LaTeX Font Info:    Checking defaults for T1/cmr/m/n on input line 164.
LaTeX Font Info:    ... okay on input line 164.
LaTeX Font Info:    Checking defaults for OT1/cmr/m/n on input line 164.
LaTeX Font Info:    ... okay on input line 164.
LaTeX Font Info:    Checking defaults for OMS/cmsy/m/n on input line 164.
LaTeX Font Info:    ... okay on input line 164.
LaTeX Font Info:    Checking defaults for TU/lmr/m/n on input line 164.
LaTeX Font Info:    ... okay on input line 164.
LaTeX Font Info:    Checking defaults for OMX/cmex/m/n on input line 164.
LaTeX Font Info:    ... okay on input line 164.
LaTeX Font Info:    Checking defaults for U/cmr/m/n on input line 164.
LaTeX Font Info:    ... okay on input line 164.
LaTeX Font Info:    Checking defaults for PD1/pdf/m/n on input line 164.
LaTeX Font Info:    ... okay on input line 164.
LaTeX Font Info:    Checking defaults for PU/pdf/m/n on input line 164.
LaTeX Font Info:    ... okay on input line 164.
ABD: EverySelectfont initializing macros
LaTeX Info: Redefining \selectfont on input line 164.
\AtBeginShipoutBox=\box73
Package hyperref Info: Link coloring OFF on input line 164.

("C:\Users\User\AppData\Local\Programs\MiKTeX 2.9\tex\latex\hyperref\nameref.st
y"
Package: nameref 2016/05/21 v2.44 Cross-referencing by name of section

("C:\Users\User\AppData\Local\Programs\MiKTeX 2.9\tex\generic\oberdiek\gettitle
string.sty"
Package: gettitlestring 2016/05/16 v1.5 Cleanup title references (HO)
)
\c@section@level=\count370
)
LaTeX Info: Redefining \ref on input line 164.
LaTeX Info: Redefining \pageref on input line 164.
LaTeX Info: Redefining \nameref on input line 164.
(OpRisk_PHD_Thesis.out) (OpRisk_PHD_Thesis.out)
\@outlinefile=\write6
\openout6 = `OpRisk_PHD_Thesis.out'.

Package caption Info: Begin \AtBeginDocument code.
Package caption Info: longtable package is loaded.

("C:\Users\User\AppData\Local\Programs\MiKTeX 2.9\tex\latex\caption\ltcaption.s
ty"
Package: ltcaption 2018/08/26 v1.4-95 longtable captions (AR)
)
Package caption Info: rotating package is loaded.
Package caption Info: threeparttable package is loaded.
Package caption Info: End \AtBeginDocument code.
Package caption Info: We need package `ragged2e' on input line 164.
LaTeX Info: Redefining \microtypecontext on input line 164.
Package microtype Info: Character protrusion enabled (level 2).
Package microtype Info: Using default protrusion set `alltext'.
Package microtype Info: No adjustment of tracking.
Package microtype Info: No adjustment of spacing.
Package microtype Info: No adjustment of kerning.

("C:\Users\User\AppData\Local\Programs\MiKTeX 2.9\tex\latex\microtype\mt-LatinM
odernRoman.cfg"
File: mt-LatinModernRoman.cfg 2013/03/13 v1.0 microtype config. file: Latin Mod
ern Roman (RS)
) ABD: EveryShipout initializing macros

Package pgfplots Warning: running in backwards compatibility mode (unsuitable t
ick labels; missing features). Consider writing \pgfplotsset{compat=1.16} into 
your preamble.
 on input line 164.

*geometry* detected driver: pdftex
*geometry* verbose mode - [ preamble ] result:
* driver: pdftex
* paper: <default>
* layout: <same size as paper>
* layoutoffset:(h,v)=(0.0pt,0.0pt)
* modes: 
* h-part:(L,W,R)=(108.405pt, 433.62001pt, 72.26999pt)
* v-part:(T,H,B)=(72.26999pt, 650.43001pt, 72.26999pt)
* \paperwidth=614.295pt
* \paperheight=794.96999pt
* \textwidth=433.62001pt
* \textheight=650.43001pt
* \oddsidemargin=36.13501pt
* \evensidemargin=36.13501pt
* \topmargin=-34.8738pt
* \headheight=15.0pt
* \headsep=19.8738pt
* \topskip=12.0pt
* \footskip=30.0pt
* \marginparwidth=47.0pt
* \marginparsep=7.0pt
* \columnsep=10.0pt
* \skip\footins=10.8pt plus 4.0pt minus 2.0pt
* \hoffset=0.0pt
* \voffset=0.0pt
* \mag=1000
* \@twocolumnfalse
* \@twosidefalse
* \@mparswitchfalse
* \@reversemarginfalse
* (1in=72.27pt=25.4mm, 1cm=28.453pt)


Package fontspec Warning: \addfontfeature(s) ignored on line 166; it cannot be
(fontspec)                used with a font that wasn't selected by a fontspec
(fontspec)                command.
(fontspec)                 
(fontspec)                 The current font is "\TU/lmr/m/n/12 ".
(fontspec)                  The requested feature is "RawFeature=+tnum". 


("C:\Users\User\AppData\Local\Programs\MiKTeX 2.9\tex\latex\microtype\mt-cmr.cf
g"
File: mt-cmr.cfg 2013/05/19 v2.2 microtype config. file: Computer Modern Roman 
(RS)
)
LaTeX Font Info:    Try loading font information for U+msa on input line 166.
("C:\Users\User\AppData\Local\Programs\MiKTeX 2.9\tex\latex\amsfonts\umsa.fd"
File: umsa.fd 2013/01/14 v3.01 AMS symbols A
)
("C:\Users\User\AppData\Local\Programs\MiKTeX 2.9\tex\latex\microtype\mt-msa.cf
g"
File: mt-msa.cfg 2006/02/04 v1.1 microtype config. file: AMS symbols (a) (RS)
)
LaTeX Font Info:    Try loading font information for U+msb on input line 166.
("C:\Users\User\AppData\Local\Programs\MiKTeX 2.9\tex\latex\amsfonts\umsb.fd"
File: umsb.fd 2013/01/14 v3.01 AMS symbols B
)
("C:\Users\User\AppData\Local\Programs\MiKTeX 2.9\tex\latex\microtype\mt-msb.cf
g"
File: mt-msb.cfg 2005/06/01 v1.0 microtype config. file: AMS symbols (b) (RS)
)
LaTeX Font Info:    Try loading font information for U+lasy on input line 166.
("C:\Users\User\AppData\Local\Programs\MiKTeX 2.9\tex\latex\base\ulasy.fd"
File: ulasy.fd 1998/08/17 v2.2e LaTeX symbol font definitions
)
("C:\Users\User\AppData\Local\Programs\MiKTeX 2.9\tex\generic\oberdiek\se-ascii
-print.def"
File: se-ascii-print.def 2016/05/16 v1.11 stringenc: Printable ASCII characters

) [1

] [1

]
Package microtype Info: Loading generic protrusion settings for font family
(microtype)             `lmtt' (encoding: TU).
(microtype)             For optimal results, create family-specific settings.
(microtype)             See the microtype manual for details.
[2

] [3] [4

] [5

] [6

] (OpRisk_PHD_Thesis.toc [7

]
Overfull \hbox (1.54811pt too wide) in paragraph at lines 57--57
 [][] [][]\TU/lmr/m/n/12 Applicability of EBOR methodology for capturing forwar
d-looking as- 
 []


Overfull \hbox (27.3241pt too wide) in paragraph at lines 74--74
 [][] [][]\TU/lmr/m/n/12 The estimation of some poisson regression generalised 
linear models (GLMs)[] []  
 []


Overfull \hbox (21.5161pt too wide) in paragraph at lines 77--77
 [][] [][]\TU/lmr/m/n/12 The estimation of some generalised additive models for
 location scale and 
 []


Overfull \hbox (12.52805pt too wide) in paragraph at lines 84--84
 [][] [][]\TU/lmr/m/n/12 Theoretical investigations for the quantification of m
oderm ORMF[] []  
 []


Overfull \hbox (5.85603pt too wide) in paragraph at lines 85--85
 [][] [][]\TU/lmr/m/n/12 THEORETICAL INVESTIGATIONS INTO THE QUANTIFICATION OF 

 []

[8])
\tf@toc=\write7
\openout7 = `OpRisk_PHD_Thesis.toc'.

[9] (OpRisk_PHD_Thesis.lot
Overfull \hbox (5.11209pt too wide) in paragraph at lines 4--4
 [][] [][]\TU/lmr/m/n/12 The generalized linear model link functions with their
 associated units 
 []


Overfull \hbox (4.3721pt too wide) in paragraph at lines 4--4
 \TU/lmr/m/n/12 of interpretation. Note: This list is not exhaustive and there 
are likely 
 []


Overfull \hbox (13.10411pt too wide) in paragraph at lines 5--5
 [][] [][]\TU/lmr/m/n/12 The contents of the traded transactions of the associa
ted risk correction 
 []


Overfull \hbox (5.47212pt too wide) in paragraph at lines 8--8
 [][] [][]\TU/lmr/m/n/12 A contingency table showing the bidimensional distribu
tion of transac- 
 []


Underfull \hbox (badness 10000) in paragraph at lines 8--8
 \TU/lmr/m/n/12 tions by trader identification vs realised and/or pending losse
s, condi- 
 []


Overfull \hbox (5.47212pt too wide) in paragraph at lines 9--9
 [][] [][]\TU/lmr/m/n/12 A contingency table showing the bidimensional distribu
tion of transac- 
 []


Underfull \hbox (badness 10000) in paragraph at lines 9--9
 \TU/lmr/m/n/12 tions by trader identification vs realised and/or pending losse
s, condi- 
 []

)
\tf@lot=\write8
\openout8 = `OpRisk_PHD_Thesis.lot'.

[10

] (OpRisk_PHD_Thesis.lof
Overfull \hbox (26.91614pt too wide) in paragraph at lines 3--3
 [][] [][]\TU/lmr/m/n/12 The 3-Dimensional grid of the BL/ET matrix for 7 event
 types and 8 busi- 
 []


Overfull \hbox (19.10411pt too wide) in paragraph at lines 7--7
 [][] [][]\TU/lmr/m/n/12 A simple comparison of the Sigmoidal like features of 
the fat-tailed, right 
 []


Overfull \hbox (4.22409pt too wide) in paragraph at lines 7--7
 \TU/lmr/m/n/12 skewed distribution for exposure, and first-digit frequency dis
tribution 
 []


Overfull \hbox (15.60011pt too wide) in paragraph at lines 7--7
 \TU/lmr/m/n/12 from the exposure data with the expected distribution according
 to Ben- 
 []


Overfull \hbox (14.40813pt too wide) in paragraph at lines 8--8
 [][] [][]\TU/lmr/m/n/12 Two numerical solutions: Histograms showing the distri
bution of Updat- 
 []


Overfull \hbox (25.30812pt too wide) in paragraph at lines 9--9
 [][] [][]\TU/lmr/m/n/12 Density plots showing a comparison of realised vs pend
ing losses and/near 
 []


Overfull \hbox (7.6441pt too wide) in paragraph at lines 9--9
 \TU/lmr/m/n/12 misses over a month for the day in the month the OpRisk inciden
t was 
 []


Overfull \hbox (22.8361pt too wide) in paragraph at lines 11--11
 [][] [][]\TU/lmr/m/n/12 Mosaic grid plots for the bidimensional distribution b
y traded instrument, 
 []


Overfull \hbox (2.02815pt too wide) in paragraph at lines 11--11
 \TU/lmr/m/n/12 the trader originating the operational event, and by the techni
cal sup- 
 []


Overfull \hbox (14.24411pt too wide) in paragraph at lines 11--11
 \TU/lmr/m/n/12 port personnel involved in query resolution, against the dummy 
variable 
 []


Overfull \hbox (14.67613pt too wide) in paragraph at lines 15--15
 [][] [][]\TU/lmr/m/n/12 Graphically displayed correlations by strength and a p
lot of OpRisk loss 
 []


Overfull \hbox (6.52814pt too wide) in paragraph at lines 16--16
 [][] [][]\TU/lmr/m/n/12 Finding the optimal number of \TU/lmr/m/it/12 k \TU/lm
r/m/n/12 groups by the Silhouette Statistic SS: 
 []


Overfull \hbox (18.84015pt too wide) in paragraph at lines 16--16
 \TU/lmr/m/n/12 Sum is a measure to approximate the optimal number of \TU/lmr/m
/it/12 k \TU/lmr/m/n/12 groups by the 
 []


Overfull \hbox (13.66812pt too wide) in paragraph at lines 17--17
 [][] [][]\TU/lmr/m/n/12 A scatterplot matrix for the \TU/lmr/m/it/12 k\TU/lmr/
m/n/12 -means clustering of size 4, and the covari- 
 []


Overfull \hbox (34.82413pt too wide) in paragraph at lines 17--17
 \TU/lmr/m/n/12 ates of frequency loss events consisting of 369 loss event freq
uencies amount- 
 []

)
\tf@lof=\write9
\openout9 = `OpRisk_PHD_Thesis.lof'.

[11

]
Chapter 1.
[1

] [2] [3]
File: bank-oprisk_fig1_full.eps Graphic file (type eps)
<bank-oprisk_fig1_full.eps>
Package microtype Info: Loading generic protrusion settings for font family
(microtype)             `lmss' (encoding: TU).
(microtype)             For optimal results, create family-specific settings.
(microtype)             See the microtype manual for details.
[4] [5] [6] [7] [8]

LaTeX Font Warning: Command \Large invalid in math mode on input line 600.


Package caption Warning: \label without proper reference on input line 617.
See the caption package documentation for explanation.


LaTeX Warning: Reference `BL/ET Matrix' on page 9 undefined on input line 611.

[9]

LaTeX Font Warning: Command \huge invalid in math mode on input line 635.


Overfull \hbox (46.18005pt too wide) in paragraph at lines 661--662
[][] 
 []

[10] [11]
Underfull \hbox (badness 10000) in paragraph at lines 718--718
[][][]\TU/lmr/m/n/10 The aggregate loss distribution is obtained by convoluting
 a loss event frequency distribution
 []

[12] [13]
Overfull \hbox (5.92805pt too wide) in paragraph at lines 783--793
\TU/lmr/m/n/12 OpRisk measurement, banks are mostly free to choose among variou
s AMA principle- 
 []

[14]
Overfull \hbox (7.06802pt too wide) in paragraph at lines 805--815
\TU/lmr/m/n/12 accurate OpRisk measurement was obtained and stable measures of 
RC were reached, 
 []

[15]
Underfull \hbox (badness 10000) in paragraph at lines 856--856
[][][]\TU/lmr/m/n/10 Meaning as of the publication [@risk2016supporting] the me
thods brought forth in the consul-
 []


Underfull \hbox (badness 10000) in paragraph at lines 856--856
\TU/lmr/m/n/10 tative document have not been approved for the public, the ideas
 within an experimental (leased)
 []

[16] [17]
Overfull \hbox (5.61679pt too wide) in paragraph at lines 909--922
[]\TU/lmr/m/n/12 When an attack such as an operational error occurs at a speed 
that the OpRisk 
 []

[18] [19] [20]
Underfull \hbox (badness 10000) in paragraph at lines 1010--1010
[][][]\TU/lmr/m/n/10 A typical approach taken in the literature is to use an un
supervised learning algorithm to
 []


Underfull \hbox (badness 10000) in paragraph at lines 1010--1010
\TU/lmr/m/n/10 train a model of the unlabeled data and then use the results to 
extract interesting features from
 []

[21] [22] [23] [24]
Chapter 2.
[25

] [26] [27] [28] [29] [30]
Underfull \hbox (badness 10000) in paragraph at lines 1296--1296
[][][]\TU/lmr/m/n/10 The term distribution function is monotonic increasing fun
ction of $\OML/cmm/m/it/10 n$ \TU/lmr/m/n/10 which tends to $\OT1/cmr/m/n/10 0$
 \TU/lmr/m/n/10 as
 []


Overfull \hbox (0.32005pt too wide) in paragraph at lines 1305--1306
[]\TU/lmr/m/n/12 The probability density function (p.d.f) : A density function 
is a nonnegative 
 []

[31]
Overfull \hbox (0.32053pt too wide) in paragraph at lines 1326--1327
\TU/lmr/m/n/12 loss type $\OML/cmm/m/it/12 j \OT1/cmr/m/n/12 = 1$ \TU/lmr/m/n/1
2 (process risk). One models the amount of the total operational 
 []

[32]
Overfull \hbox (1.48807pt too wide) in paragraph at lines 1361--1368
\TU/lmr/m/n/12 combine them in one aggregate loss distribution that allows us t
o predict an amount 
 []

[33] [34]
Overfull \hbox (0.695pt too wide) in paragraph at lines 1419--1420
\TU/lmr/m/n/12 imation method will do. One such method consists of taking a set
 $\OMS/cmsy/m/n/12 h\OML/cmm/m/it/12 #[]; [] ; #[]\OMS/cmsy/m/n/12 i$\TU/lmr/m/
n/12 , 
 []


Overfull \hbox (5.54852pt too wide) in paragraph at lines 1419--1420
\TU/lmr/m/n/12 simulated values of the random variable $\OML/cmm/m/it/12 #[]$ \
TU/lmr/m/n/12 for $\OML/cmm/m/it/12 s \OT1/cmr/m/n/12 = 1\OML/cmm/m/it/12 ; [] 
; S$ \TU/lmr/m/n/12 [@fraleigh2003first].  
 []

[35]
Overfull \hbox (3.09682pt too wide) in paragraph at lines 1457--1469
[]\TU/lmr/m/n/12 More precisely, the frequency distributions of the individual 
cells of the BL/ET 
 []

[36]
Overfull \hbox (3.60922pt too wide) in paragraph at lines 1476--1484
\TU/lmr/m/n/12 the functions $\OT1/cmr/bx/n/12 C []$ \TU/lmr/m/n/12 is a joint 
distribution function with marginals 
 []

[37] [38] [39]
Overfull \hbox (3.3928pt too wide) in paragraph at lines 1602--1611
[]\TU/lmr/m/n/12 In a theoretical paper, Einemann et al. (2018) construct a mat
hematical frame- 
 []

[40] [41] [42] [43] [44] [45] [46] [47] [48]
Chapter 3.

Overfull \hbox (18.3848pt too wide) in paragraph at lines 1907--1916
[]\TU/lmr/m/n/12 The fundamental premise in the nature behind ORMFs, is to prov
ide an exposure- 
 []


Overfull \hbox (7.34401pt too wide) in paragraph at lines 1926--1926
|\TU/lmr/bx/n/12 Applicability of EBOR methodology for capturing forward-lookin
g aspects
 []

[49

] [50] [51] [52] [53]
Overfull \hbox (16.48045pt too wide) in paragraph at lines 2108--2109
[]\TU/lmr/m/n/12 The random component given by the independent random variables
 $\OML/cmm/m/it/12 Y[]; Y[]; [] ; Y[]$ 
 []

[54]

Package fontspec Warning: \addfontfeature(s) ignored on line 2144; it cannot
(fontspec)                be used with a font that wasn't selected by a
(fontspec)                fontspec command.
(fontspec)                 
(fontspec)                 The current font is "\TU/lmr/m/n/10.95 ".
(fontspec)                  The requested feature is "RawFeature=+tnum". 

[55] [56] [57] [58]
Overfull \hbox (28.3732pt too wide) in paragraph at lines 2322--2331
[]\TU/lmr/m/n/12 The random component is given by the independent random variab
les $\OML/cmm/m/it/12 Y[]; Y[]; [] ; Y[]$\TU/lmr/m/n/12 , 
 []

[59]
Underfull \hbox (badness 10000) in paragraph at lines 2340--2340
[][][]\TU/lmr/m/n/10 If you were to guess an independent $\OML/cmm/m/it/10 Y[]$
 \TU/lmr/m/n/10 from a random sample, the best guess is given by this
 []

[60]
Overfull \hbox (1.71603pt too wide) in paragraph at lines 2408--2417
\TU/lmr/m/n/12 consists of two separate datasets on a trade-by-trade basis of d
aily frequencies (num- 
 []

[61]

Package fontspec Warning: \addfontfeature(s) ignored on line 2430; it cannot
(fontspec)                be used with a font that wasn't selected by a
(fontspec)                fontspec command.
(fontspec)                 
(fontspec)                 The current font is "\TU/lmr/m/n/10.95 ".
(fontspec)                  The requested feature is "RawFeature=+tnum". 

[62] [63]

Package fontspec Warning: \addfontfeature(s) ignored on line 2506; it cannot
(fontspec)                be used with a font that wasn't selected by a
(fontspec)                fontspec command.
(fontspec)                 
(fontspec)                 The current font is "\TU/lmr/m/n/12 ".
(fontspec)                  The requested feature is "RawFeature=+tnum". 

File: IntraDayUpdatedTime.eps Graphic file (type eps)
<IntraDayUpdatedTime.eps>
File: TrendTraderId.eps Graphic file (type eps)
<TrendTraderId.eps>

Overfull \hbox (213.47534pt too wide) in paragraph at lines 2505--2513
[][][]
 []


Underfull \hbox (badness 10000) in paragraph at lines 2505--2513

 []


Package fontspec Warning: \addfontfeature(s) ignored on line 2520; it cannot
(fontspec)                be used with a font that wasn't selected by a
(fontspec)                fontspec command.
(fontspec)                 
(fontspec)                 The current font is "\TU/lmr/m/n/10.95 ".
(fontspec)                  The requested feature is "RawFeature=+tnum". 

File: UpdatedDayFreq.eps Graphic file (type eps)
<UpdatedDayFreq.eps>
File: TradedDayFreq.eps Graphic file (type eps)
<TradedDayFreq.eps>

Overfull \hbox (198.07262pt too wide) in paragraph at lines 2519--2527
[][][]
 []


Underfull \hbox (badness 10000) in paragraph at lines 2519--2527

 []


Overfull \hbox (0.43205pt too wide) in paragraph at lines 2535--2541
\TU/lmr/m/n/12 trade was booked to the moment the operational risk event was ob
served and ended. 
 []


Package fontspec Warning: \addfontfeature(s) ignored on line 2545; it cannot
(fontspec)                be used with a font that wasn't selected by a
(fontspec)                fontspec command.
(fontspec)                 
(fontspec)                 The current font is "\TU/lmr/m/n/12 ".
(fontspec)                  The requested feature is "RawFeature=+tnum". 

File: Exposure_cdf.eps Graphic file (type eps)
<Exposure_cdf.eps>
File: Dist_exposure.eps Graphic file (type eps)
<Dist_exposure.eps>
File: Benford.eps Graphic file (type eps)
<Benford.eps>

Overfull \hbox (29.17133pt too wide) in paragraph at lines 2544--2554
[][][]
 []


Underfull \hbox (badness 10000) in paragraph at lines 2544--2554

 []

[64] [65]
Overfull \hbox (3.79208pt too wide) in paragraph at lines 2583--2596
\TU/lmr/m/n/12 a factor variable with 23 categories; \TU/lmr/m/it/12 Reason\TU/
lmr/m/n/12 , a description of the cause of the OpRisk 
 []

[66]
File: Exploratory_UpdateTime_Frequency3plot.eps Graphic file (type eps)
<Exploratory_UpdateTime_Frequency3plot.eps>

Overfull \hbox (119.24615pt too wide) in paragraph at lines 2635--2636
[][] 
 []

File: Exploratory_UpdateDay_Frequency3plot.eps Graphic file (type eps)
<Exploratory_UpdateDay_Frequency3plot.eps>

Overfull \hbox (119.24615pt too wide) in paragraph at lines 2641--2642
[][] 
 []


Overfull \hbox (1.70477pt too wide) in paragraph at lines 2650--2658
[]\TU/lmr/m/n/12 Similarly, the influence of trading desks on the frequency of
 operational events 
 []

File: Density_UpdateDay_TradedDay.eps Graphic file (type eps)
<Density_UpdateDay_TradedDay.eps>

Package fontspec Warning: \addfontfeature(s) ignored on line 2673; it cannot
(fontspec)                be used with a font that wasn't selected by a
(fontspec)                fontspec command.
(fontspec)                 
(fontspec)                 The current font is "\TU/lmr/m/n/10.95 ".
(fontspec)                  The requested feature is "RawFeature=+tnum". 

File: Exploratory_Desk_Proportions.eps Graphic file (type eps)
<Exploratory_Desk_Proportions.eps>
[67] [68]
Underfull \hbox (badness 10000) in paragraph at lines 2714--2714
[][][]\TU/lmr/m/n/10 i.e. the type of financial instrument, the trader who orig
inated the incident on the deal, and
 []


Package fontspec Warning: \addfontfeature(s) ignored on line 2724; it cannot
(fontspec)                be used with a font that wasn't selected by a
(fontspec)                fontspec command.
(fontspec)                 
(fontspec)                 The current font is "\TU/lmr/m/n/12 ".
(fontspec)                  The requested feature is "RawFeature=+tnum". 

File: Single_Instr.eps Graphic file (type eps)
<Single_Instr.eps>
File: Stacked_TrId_TechSup.eps Graphic file (type eps)
<Stacked_TrId_TechSup.eps>

Overfull \hbox (17.17122pt too wide) in paragraph at lines 2723--2731
[][][]
 []


Underfull \hbox (badness 10000) in paragraph at lines 2723--2731

 []

[69]

Package fontspec Warning: \addfontfeature(s) ignored on line 2761; it cannot
(fontspec)                be used with a font that wasn't selected by a
(fontspec)                fontspec command.
(fontspec)                 
(fontspec)                 The current font is "\TU/lmr/m/n/10.95 ".
(fontspec)                  The requested feature is "RawFeature=+tnum". 

[70] [71]
File: Mosaic_Contingency.eps Graphic file (type eps)
<Mosaic_Contingency.eps>

Package fontspec Warning: \addfontfeature(s) ignored on line 2804; it cannot
(fontspec)                be used with a font that wasn't selected by a
(fontspec)                fontspec command.
(fontspec)                 
(fontspec)                 The current font is "\TU/lmr/m/n/10.95 ".
(fontspec)                  The requested feature is "RawFeature=+tnum". 


Overfull \hbox (1.29373pt too wide) in paragraph at lines 2806--2806
[]|\TU/lmr/m/n/10.95 TradeStatus| 
 []


Underfull \hbox (badness 10000) in paragraph at lines 2806--2806
[]|\TU/lmr/m/n/10.95 Loss Indica-
 []


Underfull \hbox (badness 10000) in paragraph at lines 2806--2806
[]|\TU/lmr/m/n/10.95 Vice Princi-
 []


Overfull \hbox (32.85162pt too wide) in paragraph at lines 2807--2807
[]|[]| 
 []


Overfull \hbox (12.93358pt too wide) in paragraph at lines 2809--2809
[]|[]| 
 []


Overfull \hbox (25.56987pt too wide) in paragraph at lines 2813--2813
[]|[]| 
 []


Overfull \hbox (13.44125pt too wide) in paragraph at lines 2804--2816
 [][] 
 []

[72]

Package fontspec Warning: \addfontfeature(s) ignored on line 2827; it cannot
(fontspec)                be used with a font that wasn't selected by a
(fontspec)                fontspec command.
(fontspec)                 
(fontspec)                 The current font is "\TU/lmr/m/n/10.95 ".
(fontspec)                  The requested feature is "RawFeature=+tnum". 


Overfull \hbox (37.26608pt too wide) in paragraph at lines 2830--2830
[]|\TU/lmr/m/n/10.95 CapturedBy_TECHSUPPORT| 
 []


Underfull \hbox (badness 10000) in paragraph at lines 2831--2831
[]|\TU/lmr/m/n/10.95 TradeStatus_BO con-
 []


Underfull \hbox (badness 10000) in paragraph at lines 2834--2834
[]|\TU/lmr/m/n/10.95 Reason_Trade en-
 []


Underfull \hbox (badness 10000) in paragraph at lines 2834--2834
\TU/lmr/m/n/10.95 richment for system
 []


Overfull \hbox (35.26225pt too wide) in paragraph at lines 2835--2835
[]|\TU/lmr/m/n/10.95 EventTypeCategoryLevel_EL7| 
 []


Overfull \hbox (1.1749pt too wide) in paragraph at lines 2836--2836
[]|\TU/lmr/m/n/10.95 BusinessLineLevel_BL2| 
 []


Overfull \hbox (24.60002pt too wide) in paragraph at lines 2843--2843
|\TU/lmr/bx/n/12 The estimation of some poisson regression generalised linear m
odels (GLMs)| 
 []

[73]
Overfull \hbox (2.40802pt too wide) in paragraph at lines 2860--2867
\TU/lmr/m/n/12 tory variables are composed of numeric, continuous and categoric
al variables. Where 
 []


Overfull \hbox (23.82877pt too wide) in paragraph at lines 2872--2877
[]\TU/lmr/m/n/12 Other GLM arguments are: The afore-mentioned link function poi
sson(link=log); 
 []


Overfull \hbox (58.81204pt too wide) in paragraph at lines 2872--2877
\TU/lmr/m/n/12 a data frame containing the OpRisk dataset, data=crs$training; a
nd the r offset=log(exposure), 
 []

[74]
Overfull \hbox (82.41586pt too wide) in paragraph at lines 2906--2906
[]\TU/lmtt/m/n/12 ## glm(formula = LossesIndicator ~ TradedDay + Desk, family =
 poisson(link = "log"),[] 
 []


Overfull \hbox (16.28369pt too wide) in paragraph at lines 2914--2914
[]\TU/lmtt/m/n/12 ##                       Estimate Std. Error z value         
    Pr(>|z|)[] 
 []


Overfull \hbox (40.96788pt too wide) in paragraph at lines 2915--2915
[]\TU/lmtt/m/n/12 ## (Intercept)          -8.053221   0.193632 -41.590 < 0.0000
000000000002 ***[] 
 []


Overfull \hbox (28.60776pt too wide) in paragraph at lines 2916--2916
[]\TU/lmtt/m/n/12 ## TradedDay            -0.014087   0.006381  -2.208         
    0.027266 *[] 
 []


Overfull \hbox (40.96777pt too wide) in paragraph at lines 2917--2917
[]\TU/lmtt/m/n/12 ## DeskAfrica            1.457695   0.413087   3.529         
    0.000417 ***[] 
 []


Overfull \hbox (40.96786pt too wide) in paragraph at lines 2918--2918
[]\TU/lmtt/m/n/12 ## DeskBonds/Repos       1.764230   0.254571   6.930      0.0
000000000042 ***[] 
 []


Overfull \hbox (40.96786pt too wide) in paragraph at lines 2919--2919
[]\TU/lmtt/m/n/12 ## DeskCommodities       0.924033   0.235749   3.920      0.0
000887114575 ***[] 
 []


Overfull \hbox (25.4758pt too wide) in paragraph at lines 2920--2920
[]\TU/lmtt/m/n/12 ## DeskDerivatives      -0.577626   0.344672  -1.676         
    0.093763 .[] 
 []


Overfull \hbox (40.96783pt too wide) in paragraph at lines 2921--2921
[]\TU/lmtt/m/n/12 ## DeskEquity            1.365152   0.225948   6.042      0.0
000000015232 ***[] 
 []


Overfull \hbox (17.17188pt too wide) in paragraph at lines 2922--2922
[]\TU/lmtt/m/n/12 ## DeskManagement/Other -1.410706   1.014052  -1.391         
    0.164177[] 
 []


Overfull \hbox (17.15974pt too wide) in paragraph at lines 2923--2923
[]\TU/lmtt/m/n/12 ## DeskMM                0.339561   0.241501   1.406         
    0.159711[] 
 []


Overfull \hbox (40.9679pt too wide) in paragraph at lines 2924--2924
[]\TU/lmtt/m/n/12 ## DeskPrime Services    2.129594   0.223030   9.548 < 0.0000
000000000002 ***[] 
 []


Overfull \hbox (28.57175pt too wide) in paragraph at lines 2925--2925
[]\TU/lmtt/m/n/12 ## DeskSND              -0.716361   0.283796  -2.524         
    0.011596 *[] 
 []

[75]
Overfull \hbox (1.4256pt too wide) in paragraph at lines 2949--2950
[]$\OT1/cmr/m/n/12 0\OML/cmm/m/it/12 ; \OT1/cmr/m/n/12 001373903 = \OML/cmm/m/i
t/12 e[] \OMS/cmsy/m/n/12 ^^A \OML/cmm/m/it/12 e[] \OMS/cmsy/m/n/12 ^^A \OML/cm
m/m/it/12 e[]$\TU/lmr/m/n/12 , for the combination with \TU/lmr/bx/n/12 DeskPri
me 
 []


Overfull \hbox (97.85992pt too wide) in paragraph at lines 2972--2972
[]\TU/lmtt/m/n/12 ### Let us fit a GLM to our data. This will be our global mod
el. use "LossesIndicator" 
 []

[76]
Overfull \hbox (68.8199pt too wide) in paragraph at lines 2973--2973
[]\TU/lmtt/m/n/12 #as the dependent variable, while the other variables will be
 predictor variables.[] 
 []


Overfull \hbox (10.10393pt too wide) in paragraph at lines 2978--2978
[]\TU/lmtt/m/n/12 data=crs$training, family=poisson(link = 'log'), offset = log
(Exposure))[] 
 []


Overfull \hbox (2.0759pt too wide) in paragraph at lines 2990--2990
[]    \TU/lmtt/m/n/12 Instrument + Reason + EventTypeCategoryLevel1 + BusinessL
ineLevel1,[] 
 []


Overfull \hbox (59.54387pt too wide) in paragraph at lines 2991--2991
[]    \TU/lmtt/m/n/12 family = poisson(link = "log"), data = crs$training, offs
et = log(Exposure))[] 
 []


Overfull \hbox (58.89586pt too wide) in paragraph at lines 2999--2999
[]\TU/lmtt/m/n/12 (Intercept)             -8.601892    0.738478 -11.648   < 0.0
000000000000002 ***[] 
 []


Overfull \hbox (47.15982pt too wide) in paragraph at lines 3004--3004
[]\TU/lmtt/m/n/12 DeskAfrica               2.388334    0.575306   4.151    0.00
0033042768080 ***[] 
 []


Overfull \hbox (47.12386pt too wide) in paragraph at lines 3005--3005
[]\TU/lmtt/m/n/12 DeskBonds/Repos          2.975192    0.442633   6.722    0.00
0000000017977 ***[] 
 []


Overfull \hbox (47.14781pt too wide) in paragraph at lines 3008--3008
[]\TU/lmtt/m/n/12 DeskEquity               1.745408    0.427535   4.082    0.00
0044556065633 ***[] 
 []

[77] [78] [79]
Overfull \hbox (114.85187pt too wide) in paragraph at lines 3114--3114
[]\TU/lmtt/m/n/12 Global model call: glm(formula = LossesIndicator ~ UpdatedDay
 + UpdatedTime + TradedDay + 
 []


Overfull \hbox (2.0759pt too wide) in paragraph at lines 3116--3116
[]    \TU/lmtt/m/n/12 Instrument + Reason + EventTypeCategoryLevel1 + BusinessL
ineLevel1,[] 
 []


Overfull \hbox (289.43965pt too wide) in paragraph at lines 3121--3121
[]     \TU/lmtt/m/n/12 (Intrc) BsLL1 Desk ETCL1 Instr Reasn   TrddD TrdrI TrdSt
  UpdtD      UpdtT     df    logLik   AICc  delta weight[] 
 []


Overfull \hbox (289.35548pt too wide) in paragraph at lines 3122--3122
[]\TU/lmtt/m/n/12 894   -8.566     + +     +     +     + -0.014630000 +     +  
                       71  -879.525 1907.6   0.00  0.082[] 
 []


Overfull \hbox (289.39151pt too wide) in paragraph at lines 3123--3123
[]\TU/lmtt/m/n/12 382   -8.627     + +     +     +     + -0.014730000 +        
                       68  -882.870 1907.7   0.14  0.076[] 
 []


Overfull \hbox (288.7436pt too wide) in paragraph at lines 3124--3124
[]\TU/lmtt/m/n/12 1918  -8.362     + +     +     +     + -0.015200000 +     + -
0.012880000            72  -878.679 1908.1   0.50  0.064[] 
 []


Overfull \hbox (289.04361pt too wide) in paragraph at lines 3125--3125
[]\TU/lmtt/m/n/12 1406  -8.447     + +     +     +     + -0.015290000 +       -
0.011540000            69  -882.168 1908.5   0.92  0.052[] 
 []


Overfull \hbox (289.3914pt too wide) in paragraph at lines 3126--3126
[]\TU/lmtt/m/n/12 830   -8.889     + +     +     +     +              +     +  
                       70  -881.128 1908.6   1.02  0.049[] 
 []


Overfull \hbox (289.09142pt too wide) in paragraph at lines 3127--3127
[]\TU/lmtt/m/n/12 318   -8.942     + +     +     +     +              +        
                       67  -884.505 1908.8   1.23  0.044[] 
 []


Overfull \hbox (288.7795pt too wide) in paragraph at lines 3128--3128
[]\TU/lmtt/m/n/12 1854  -8.705     + +     +     +     +              +     + -
0.011920000            71  -880.413 1909.4   1.78  0.034[] 
 []


Overfull \hbox (289.04358pt too wide) in paragraph at lines 3129--3129
[]\TU/lmtt/m/n/12 2942  -8.730     + +     +     +     + -0.014640000 +     +  
             0.3133000 72  -879.413 1909.6   1.97  0.031[] 
 []

[80]
Overfull \hbox (51.51588pt too wide) in paragraph at lines 3166--3166
[]\TU/lmtt/m/n/12 glm(formula = LossesIndicator ~ <8 unique rhs>, family = pois
son(link = "log"),[] 
 []


Overfull \hbox (11.33992pt too wide) in paragraph at lines 3181--3181
[]\TU/lmtt/m/n/12 BusinessLineLevel1  Desk     EventTypeCategoryLevel1  Instrum
ent  Reason[] 
 []


Overfull \hbox (41.92781pt too wide) in paragraph at lines 3183--3183
[]\TU/lmtt/m/n/12 TradedDay           TraderId TradeStatus              Updated
Day  UpdatedTime[] 
 []

[81] [82]
Overfull \hbox (2.38803pt too wide) in paragraph at lines 3238--3238
|\TU/lmr/bx/n/12 The estimation of some generalised additive models for locatio
n scale and
 []

[83]
Chapter 4.

Overfull \hbox (3.50406pt too wide) in paragraph at lines 3287--3297
\TU/lmr/m/n/12 porting the call from industry for a new class of EBOR models th
at capture forward- 
 []

[84

] [85] [86] [87] [88]
Underfull \hbox (badness 10000) in paragraph at lines 3445--3445
[][][]\TU/lmr/m/n/10 As recent evidence from human brain imaging has shown [@ku
hnen2005neural] linking neural
 []

[89]
Underfull \hbox (badness 10000) in paragraph at lines 3475--3475
[][][]\TU/lmr/m/n/10 Representing ability of FIs financial market models to ch
aracterise the repeated decision-
 []

[90]
Chapter 5.

Underfull \hbox (badness 10000) in paragraph at lines 3530--3530
[][][]\TU/lmr/m/n/10 OpRisk loss events in FIs are largely due to human failin
gs that are exploitable e.g., fraud-
 []


Underfull \hbox (badness 10000) in paragraph at lines 3530--3530
\TU/lmr/m/n/10 ulent trading activity, and PT is based on the same behavioural 
element of how people make
 []

[91

] [92] [93]

Package hyperref Warning: Token not allowed in a PDF string (Unicode):
(hyperref)                removing `math shift' on input line 3620.


Package hyperref Warning: Token not allowed in a PDF string (Unicode):
(hyperref)                removing `math shift' on input line 3620.

[94] [95]
Underfull \hbox (badness 10000) in paragraph at lines 3699--3699
[][][]\TU/lmr/m/n/10 A typical approach taken in the literature is to use an un
supervised learning algorithm to
 []


Underfull \hbox (badness 10000) in paragraph at lines 3699--3699
\TU/lmr/m/n/10 train a model of the unlabeled data and then use the results to 
extract interesting features from
 []

[96]

Package fontspec Warning: \addfontfeature(s) ignored on line 3744; it cannot
(fontspec)                be used with a font that wasn't selected by a
(fontspec)                fontspec command.
(fontspec)                 
(fontspec)                 The current font is "\TU/lmr/m/n/12 ".
(fontspec)                  The requested feature is "RawFeature=+tnum". 

File: Loss_vs_Exposure(1).eps Graphic file (type eps)
<Loss_vs_Exposure(1).eps>
File: CorrPlot.eps Graphic file (type eps)
<CorrPlot.eps>
[97]

LaTeX Warning: Reference `Fig5' on page 98 undefined on input line 3773.

[98]
File: IterateKmeans.eps Graphic file (type eps)
<IterateKmeans.eps>
[99] [100]
File: CA14MeansPlot.eps Graphic file (type eps)
<CA14MeansPlot.eps>
[101] [102] [103

]
Overfull \hbox (3.7553pt too wide) in paragraph at lines 3946--3950
 \TU/lmr/m/it/12 sues \TU/lmr/m/n/12 (pp. 112). Retrieved from []$[][][][] [] 
[] [] [][][] [] [][][][][][][][][][][][][][][] [] [][][] [] [][][][][][][][] []
 
 []


Overfull \hbox (14.34705pt too wide) in paragraph at lines 3946--3950
 [][][][][][][][][][][][][][][][][][][][][][][][][][][][][][][][][][][][][][][]
[][][][][][][][][][][][][][][][][][][][][][][][][][][][][][][][][][][][][][]$[]
  
 []

[104]
Overfull \hbox (73.64697pt too wide) in paragraph at lines 4030--4035
 []$[][][][][] [] [] [] [][][][][][][][][][][][][][][][][][][][] [] [][][] [] [
][][] [] [][][][][][][][][][][][][][][] [] [][][][][][][][][][][][][][][][][][]
[][][][][][][][][][][]$[]  
 []

[105]
Overfull \hbox (0.13258pt too wide) in paragraph at lines 4112--4116
 [][]\TU/lmr/m/n/12 Shefrin, H. (2016). \TU/lmr/m/it/12 Behavioral risk managem
ent: Managing the psychology that drives 
 []


Overfull \hbox (125.57492pt too wide) in paragraph at lines 4117--4121
 [][][][][][][] [] [][][][][][] [] [][][][][][][][][][][][][][][][][][][][][][]
[][][][][][][][][][][][][][][][][][][][][][][][][][][][][][][][][][][][][][][][
][][][][][][][][][][][][][][][][][][]$[]  
 []


Overfull \hbox (7.8196pt too wide) in paragraph at lines 4132--4136
 \TU/lmr/m/n/12 operational risk and the cost of fraud. \TU/lmr/m/it/12 Expert 
Systems with Applications\TU/lmr/m/n/12 , \TU/lmr/m/it/12 41\TU/lmr/m/n/12 (16)
, 
 []

No file OpRisk_PHD_Thesis.bbl.
[106]
Package atveryend Info: Empty hook `BeforeClearDocument' on input line 4155.
Package atveryend Info: Empty hook `AfterLastShipout' on input line 4155.
(OpRisk_PHD_Thesis.aux)
Package atveryend Info: Empty hook `AtVeryEndDocument' on input line 4155.
Package atveryend Info: Executing hook `AtEndAfterFileList' on input line 4155.

Package rerunfilecheck Info: File `OpRisk_PHD_Thesis.out' has not changed.
(rerunfilecheck)             Checksum: CF0F821E1C331F183AFFC14FA6BE02A8.

LaTeX Warning: There were undefined references.


LaTeX Warning: There were multiply-defined labels.

 ) 
Here is how much of TeX's memory you used:
 47683 strings out of 427798
 1045265 string characters out of 3148017
 1416376 words of memory out of 3000000
 50983 multiletter control sequences out of 15000+200000
 555679 words of font info for 138 fonts, out of 3000000 for 9000
 1328 hyphenation exceptions out of 8191
 69i,17n,98p,1208b,941s stack positions out of 5000i,500n,10000p,200000b,50000s

Output written on OpRisk_PHD_Thesis.pdf (118 pages).
